#
# A fatal error has been detected by the Java Runtime Environment:
#
#  EXCEPTION_ACCESS_VIOLATION (0xc0000005) at pc=0x000000006e2281c5, pid=9708, tid=4400
#
# JRE version: Java(TM) SE Runtime Environment (8.0_51-b16) (build 1.8.0_51-b16)
# Java VM: Java HotSpot(TM) 64-Bit Server VM (25.51-b03 mixed mode windows-amd64 compressed oops)
# Problematic frame:
# V  [jvm.dll+0x1281c5]
#
# Failed to write core dump. Minidumps are not enabled by default on client versions of Windows
#
# If you would like to submit a bug report, please visit:
#   http://bugreport.java.com/bugreport/crash.jsp
#

---------------  T H R E A D  ---------------

Current thread (0x0000000015200800):  JavaThread "JDWP Transport Listener: dt_socket" daemon [_thread_in_vm, id=4400, stack(0x0000000016a20000,0x0000000016b20000)]

siginfo: ExceptionCode=0xc0000005, reading address 0xffffffffffffffff

Registers:
RAX=0x0000000016b1f501, RBX=0x0000000015200800, RCX=0x6a4c3b6c61726f70, RDX=0x0000000000000000
RSP=0x0000000016b1f4c0, RBP=0x6a4c3b6c61726f70, RSI=0x0000000016b1f5d8, RDI=0x00000000011398b0
R8 =0x0000000015200800, R9 =0x0000000000008000, R10=0x0000000000000000, R11=0x00000000171b045d
R12=0x0000000000000000, R13=0x00000000151f5338, R14=0x0000000000000000, R15=0x0000000000000000
RIP=0x000000006e2281c5, EFLAGS=0x0000000000010202

Top of Stack: (sp=0x0000000016b1f4c0)
0x0000000016b1f4c0:   0000000015200800 0000000015200800
0x0000000016b1f4d0:   0000000016b1f588 000000006e42c72b
0x0000000016b1f4e0:   0000000015200800 000000006e448f8d
0x0000000016b1f4f0:   0000000000000000 000000006db89155
0x0000000016b1f500:   00000000177bc968 000000006db9291e
0x0000000016b1f510:   0000000015200800 0000000000000000
0x0000000016b1f520:   0000000000000000 0000000000000000
0x0000000016b1f530:   6a4c3b6c61726f70 000000006db91a15
0x0000000016b1f540:   0000000016b1f5d8 0000000016b1f5b0
0x0000000016b1f550:   0000000000000001 00000000177bc968
0x0000000016b1f560:   6a4c3b6c61726f70 000000006db753b3
0x0000000016b1f570:   0000000016b1f6a0 0000000000000001
0x0000000016b1f580:   0000000000000001 00000000177bc968
0x0000000016b1f590:   0000000000000001 0000000000000000
0x0000000016b1f5a0:   0000000000000000 0000000000000000
0x0000000016b1f5b0:   0000000000000001 000000006db75571 

Instructions: (pc=0x000000006e2281c5)
0x000000006e2281a5:   cc cc cc cc cc cc cc cc cc cc cc 48 83 ec 28 48
0x000000006e2281b5:   85 c9 75 07 33 c0 48 83 c4 28 c3 48 89 5c 24 20
0x000000006e2281c5:   48 8b 19 48 85 db 74 20 48 83 fb 37 74 1a 48 8b
0x000000006e2281d5:   13 48 8b cb ff 52 10 84 c0 74 0d 48 8b c3 48 8b 


Register to memory mapping:

RAX=0x0000000016b1f501 is pointing into the stack for thread: 0x0000000015200800
RBX=0x0000000015200800 is a thread
RCX=0x6a4c3b6c61726f70 is an unknown value
RDX=0x0000000000000000 is an unknown value
RSP=0x0000000016b1f4c0 is pointing into the stack for thread: 0x0000000015200800
RBP=0x6a4c3b6c61726f70 is an unknown value
RSI=0x0000000016b1f5d8 is pointing into the stack for thread: 0x0000000015200800
RDI=0x00000000011398b0 is an unknown value
R8 =0x0000000015200800 is a thread
R9 =0x0000000000008000 is an unknown value
R10=0x0000000000000000 is an unknown value
R11=0x00000000171b045d is an unknown value
R12=0x0000000000000000 is an unknown value
R13=0x00000000151f5338 is an unknown value
R14=0x0000000000000000 is an unknown value
R15=0x0000000000000000 is an unknown value


Stack: [0x0000000016a20000,0x0000000016b20000],  sp=0x0000000016b1f4c0,  free space=1021k
Native frames: (J=compiled Java code, j=interpreted, Vv=VM code, C=native code)
V  [jvm.dll+0x1281c5]
V  [jvm.dll+0x348f8d]
C  [jdwp.dll+0x21a15]
C  [jdwp.dll+0x53b3]
C  [jdwp.dll+0x5571]
C  [jdwp.dll+0xf0a8]
C  [jdwp.dll+0x1f2d5]
C  [jdwp.dll+0x1f4aa]
V  [jvm.dll+0x1bae78]
V  [jvm.dll+0x2418a4]
V  [jvm.dll+0x29846a]
C  [msvcr100.dll+0x21d9f]
C  [msvcr100.dll+0x21e3b]
C  [KERNEL32.DLL+0x13d2]
C  [ntdll.dll+0x15444]


---------------  P R O C E S S  ---------------

Java Threads: ( => current thread )
  0x0000000017799800 JavaThread "JavaFX-Launcher" [_thread_blocked, id=9472, stack(0x0000000019b40000,0x0000000019c40000)]
  0x000000001741e800 JavaThread "Thread-2" daemon [_thread_in_native, id=9468, stack(0x0000000019a40000,0x0000000019b40000)]
  0x0000000017736000 JavaThread "JavaFX Application Thread" [_thread_blocked, id=9740, stack(0x00000000181b0000,0x00000000182b0000)]
  0x000000001773b800 JavaThread "Thread-1" daemon [_thread_blocked, id=6448, stack(0x00000000180b0000,0x00000000181b0000)]
  0x00000000173bc800 JavaThread "QuantumRenderer-0" daemon [_thread_blocked, id=6116, stack(0x0000000017620000,0x0000000017720000)]
  0x0000000017074800 JavaThread "Service Thread" daemon [_thread_blocked, id=10216, stack(0x0000000017420000,0x0000000017520000)]
  0x000000001521b800 JavaThread "C1 CompilerThread2" daemon [_thread_blocked, id=10044, stack(0x0000000016f20000,0x0000000017020000)]
  0x000000001521a800 JavaThread "C2 CompilerThread1" daemon [_thread_blocked, id=5572, stack(0x0000000016e20000,0x0000000016f20000)]
  0x0000000015215800 JavaThread "C2 CompilerThread0" daemon [_thread_blocked, id=8256, stack(0x0000000016d20000,0x0000000016e20000)]
  0x0000000015208800 JavaThread "JDWP Command Reader" daemon [_thread_in_native, id=4244, stack(0x0000000016c20000,0x0000000016d20000)]
  0x0000000015203800 JavaThread "JDWP Event Helper Thread" daemon [_thread_blocked, id=9700, stack(0x0000000016b20000,0x0000000016c20000)]
=>0x0000000015200800 JavaThread "JDWP Transport Listener: dt_socket" daemon [_thread_in_vm, id=4400, stack(0x0000000016a20000,0x0000000016b20000)]
  0x00000000151ed800 JavaThread "Attach Listener" daemon [_thread_blocked, id=8464, stack(0x0000000016640000,0x0000000016740000)]
  0x00000000151ec000 JavaThread "Signal Dispatcher" daemon [_thread_blocked, id=8664, stack(0x0000000016540000,0x0000000016640000)]
  0x0000000002c48000 JavaThread "Finalizer" daemon [_thread_blocked, id=6548, stack(0x0000000016440000,0x0000000016540000)]
  0x0000000002c3e000 JavaThread "Reference Handler" daemon [_thread_blocked, id=1456, stack(0x0000000016340000,0x0000000016440000)]
  0x0000000002b52800 JavaThread "main" [_thread_blocked, id=5944, stack(0x0000000002980000,0x0000000002a80000)]

Other Threads:
  0x00000000151b7800 VMThread [stack: 0x0000000016240000,0x0000000016340000] [id=9312]
  0x000000001707a800 WatcherThread [stack: 0x0000000017520000,0x0000000017620000] [id=4580]

VM state:not at safepoint (normal execution)

VM Mutex/Monitor currently owned by a thread: None

Heap:
 PSYoungGen      total 18432K, used 4998K [0x00000000eb580000, 0x00000000eca00000, 0x0000000100000000)
  eden space 15872K, 15% used [0x00000000eb580000,0x00000000eb7e9b80,0x00000000ec500000)
  from space 2560K, 98% used [0x00000000ec500000,0x00000000ec778040,0x00000000ec780000)
  to   space 2560K, 0% used [0x00000000ec780000,0x00000000ec780000,0x00000000eca00000)
 ParOldGen       total 42496K, used 200K [0x00000000c2000000, 0x00000000c4980000, 0x00000000eb580000)
  object space 42496K, 0% used [0x00000000c2000000,0x00000000c2032000,0x00000000c4980000)
 Metaspace       used 10109K, capacity 10634K, committed 10752K, reserved 1058816K
  class space    used 1369K, capacity 1481K, committed 1536K, reserved 1048576K

Card table byte_map: [0x0000000012010000,0x0000000012210000] byte_map_base: 0x0000000011a00000

Marking Bits: (ParMarkBitMap*) 0x000000006e904040
 Begin Bits: [0x0000000012760000, 0x00000000136e0000)
 End Bits:   [0x00000000136e0000, 0x0000000014660000)

Polling page: 0x0000000001110000

CodeCache: size=245760Kb used=2951Kb max_used=2951Kb free=242808Kb
 bounds [0x0000000002c50000, 0x0000000002f40000, 0x0000000011c50000]
 total_blobs=1169 nmethods=738 adapters=352
 compilation: enabled

Compilation events (10 events):
Event: 1.537 Thread 0x000000001521b800  734       3       java.util.concurrent.atomic.AtomicBoolean::get (13 bytes)
Event: 1.537 Thread 0x000000001521b800 nmethod 734 0x0000000002f2e450 code [0x0000000002f2e5a0, 0x0000000002f2e750]
Event: 2.353 Thread 0x000000001521b800  735       1       com.sun.javafx.tk.quantum.PaintCollector::hasDirty (5 bytes)
Event: 2.353 Thread 0x000000001521b800 nmethod 735 0x0000000002f2e7d0 code [0x0000000002f2e920, 0x0000000002f2ea30]
Event: 4.401 Thread 0x000000001521b800  736       3       com.sun.javafx.tk.quantum.QuantumToolkit$$Lambda$41/1415905281::run (8 bytes)
Event: 4.401 Thread 0x000000001521b800 nmethod 736 0x0000000002f2ea90 code [0x0000000002f2ec40, 0x0000000002f2f0a8]
Event: 4.401 Thread 0x000000001521b800  737   !   3       com.sun.javafx.tk.quantum.QuantumToolkit::lambda$runToolkit$401 (16 bytes)
Event: 4.401 Thread 0x000000001521b800 nmethod 737 0x0000000002f2f2d0 code [0x0000000002f2f460, 0x0000000002f2f848]
Event: 6.449 Thread 0x000000001521b800  738       3       com.sun.javafx.tk.quantum.QuantumToolkit::postPulse (148 bytes)
Event: 6.453 Thread 0x000000001521b800 nmethod 738 0x0000000002f2f9d0 code [0x0000000002f2fd40, 0x0000000002f31d98]

GC Heap History (2 events):
Event: 0.482 GC heap before
{Heap before GC invocations=1 (full 0):
 PSYoungGen      total 18432K, used 15872K [0x00000000eb580000, 0x00000000eca00000, 0x0000000100000000)
  eden space 15872K, 100% used [0x00000000eb580000,0x00000000ec500000,0x00000000ec500000)
  from space 2560K, 0% used [0x00000000ec780000,0x00000000ec780000,0x00000000eca00000)
  to   space 2560K, 0% used [0x00000000ec500000,0x00000000ec500000,0x00000000ec780000)
 ParOldGen       total 42496K, used 0K [0x00000000c2000000, 0x00000000c4980000, 0x00000000eb580000)
  object space 42496K, 0% used [0x00000000c2000000,0x00000000c2000000,0x00000000c4980000)
 Metaspace       used 9164K, capacity 9540K, committed 9856K, reserved 1058816K
  class space    used 1213K, capacity 1311K, committed 1408K, reserved 1048576K
Event: 0.485 GC heap after
Heap after GC invocations=1 (full 0):
 PSYoungGen      total 18432K, used 2528K [0x00000000eb580000, 0x00000000eca00000, 0x0000000100000000)
  eden space 15872K, 0% used [0x00000000eb580000,0x00000000eb580000,0x00000000ec500000)
  from space 2560K, 98% used [0x00000000ec500000,0x00000000ec778040,0x00000000ec780000)
  to   space 2560K, 0% used [0x00000000ec780000,0x00000000ec780000,0x00000000eca00000)
 ParOldGen       total 42496K, used 200K [0x00000000c2000000, 0x00000000c4980000, 0x00000000eb580000)
  object space 42496K, 0% used [0x00000000c2000000,0x00000000c2032000,0x00000000c4980000)
 Metaspace       used 9164K, capacity 9540K, committed 9856K, reserved 1058816K
  class space    used 1213K, capacity 1311K, committed 1408K, reserved 1048576K
}

Deoptimization events (3 events):
Event: 0.413 Thread 0x0000000017736000 Uncommon trap: reason=unstable_if action=reinterpret pc=0x0000000002e2d5a4 method=java.lang.String.indexOf([CII[CIII)I @ 134
Event: 0.413 Thread 0x0000000017736000 Uncommon trap: reason=unstable_if action=reinterpret pc=0x0000000002e043ac method=java.lang.String.replace(CC)Ljava/lang/String; @ 26
Event: 0.435 Thread 0x0000000017736000 Uncommon trap: reason=unstable_if action=reinterpret pc=0x0000000002e9847c method=java.util.HashMap.getNode(ILjava/lang/Object;)Ljava/util/HashMap$Node; @ 84

Internal exceptions (10 events):
Event: 0.031 Thread 0x0000000002b52800 Exception <a 'java/lang/NoSuchMethodError': Method sun.misc.Unsafe.prefetchRead(Ljava/lang/Object;J)V name or signature does not match> (0x00000000eb58dad8) thrown at [C:\re\workspace\8-2-build-windows-amd64-cygwin\jdk8u51\3951\hotspot\src\share\vm\prims\j±VêÁßÃ?
Event: 0.155 Thread 0x0000000002b52800 Exception <a 'java/lang/NoSuchFieldError': method resolution failed> (0x00000000eb8248c8) thrown at [C:\re\workspace\8-2-build-windows-amd64-cygwin\jdk8u51\3951\hotspot\src\share\vm\prims\methodHandles.cpp, line 1125]
Event: 0.160 Thread 0x0000000002b52800 Exception <a 'java/lang/NoSuchFieldError': method resolution failed> (0x00000000eb832f98) thrown at [C:\re\workspace\8-2-build-windows-amd64-cygwin\jdk8u51\3951\hotspot\src\share\vm\prims\methodHandles.cpp, line 1125]
Event: 0.182 Thread 0x0000000002b52800 Exception <a 'java/security/PrivilegedActionException'> (0x00000000eb8bc8b8) thrown at [C:\re\workspace\8-2-build-windows-amd64-cygwin\jdk8u51\3951\hotspot\src\share\vm\prims\jvm.cpp, line 1382]
Event: 0.182 Thread 0x0000000002b52800 Exception <a 'java/security/PrivilegedActionException'> (0x00000000eb8bca70) thrown at [C:\re\workspace\8-2-build-windows-amd64-cygwin\jdk8u51\3951\hotspot\src\share\vm\prims\jvm.cpp, line 1382]
Event: 0.183 Thread 0x0000000002b52800 Exception <a 'java/security/PrivilegedActionException'> (0x00000000eb8c0808) thrown at [C:\re\workspace\8-2-build-windows-amd64-cygwin\jdk8u51\3951\hotspot\src\share\vm\prims\jvm.cpp, line 1382]
Event: 0.183 Thread 0x0000000002b52800 Exception <a 'java/security/PrivilegedActionException'> (0x00000000eb8c09c0) thrown at [C:\re\workspace\8-2-build-windows-amd64-cygwin\jdk8u51\3951\hotspot\src\share\vm\prims\jvm.cpp, line 1382]
Event: 0.183 Thread 0x0000000002b52800 Exception <a 'java/lang/NullPointerException'> (0x00000000eb8c0f40) thrown at [C:\re\workspace\8-2-build-windows-amd64-cygwin\jdk8u51\3951\hotspot\src\share\vm\interpreter\linkResolver.cpp, line 1178]
Event: 0.379 Thread 0x0000000017736000 Exception <a 'java/lang/NullPointerException'> (0x00000000ec0c0ad0) thrown at [C:\re\workspace\8-2-build-windows-amd64-cygwin\jdk8u51\3951\hotspot\src\share\vm\interpreter\linkResolver.cpp, line 1178]
Event: 0.379 Thread 0x0000000017736000 Exception <a 'java/lang/NullPointerException'> (0x00000000ec0c0ad0) thrown at [C:\re\workspace\8-2-build-windows-amd64-cygwin\jdk8u51\3951\hotspot\src\share\vm\prims\jvm.cpp, line 1386]

Events (10 events):
Event: 34.833 Executing VM operation: GetCurrentLocation
Event: 34.833 Executing VM operation: GetCurrentLocation done
Event: 34.833 Executing VM operation: EnterInterpOnlyMode
Event: 34.833 Executing VM operation: EnterInterpOnlyMode done
Event: 34.833 Executing VM operation: ChangeSingleStep
Event: 34.833 Executing VM operation: ChangeSingleStep done
Event: 34.833 Executing VM operation: ChangeSingleStep
Event: 34.833 Executing VM operation: ChangeSingleStep done
Event: 34.846 Executing VM operation: RedefineClasses
Event: 34.853 Executing VM operation: RedefineClasses done


Dynamic libraries:
0x00007ff6c6f30000 - 0x00007ff6c6f67000 	C:\Program Files\Java\jdk1.8.0_51\bin\javaw.exe
0x00007ffe33660000 - 0x00007ffe3380c000 	C:\Windows\SYSTEM32\ntdll.dll
0x00007ffe33520000 - 0x00007ffe3365e000 	C:\Windows\system32\KERNEL32.DLL
0x00007ffe30b60000 - 0x00007ffe30c75000 	C:\Windows\system32\KERNELBASE.dll
0x00000000705b0000 - 0x0000000070656000 	C:\Program Files\Bitdefender\Bitdefender 2015\Active Virus Control\Avc3_00331_013\avcuf64.dll
0x00007ffe2f350000 - 0x00007ffe2f3de000 	C:\Windows\system32\apphelp.dll
0x00007ffe1d900000 - 0x00007ffe1d953000 	C:\Windows\AppPatch\AppPatch64\AcGenral.DLL
0x00007ffe33120000 - 0x00007ffe331ca000 	C:\Windows\system32\msvcrt.dll
0x00007ffe30580000 - 0x00007ffe305ae000 	C:\Windows\SYSTEM32\SspiCli.dll
0x00007ffe32b70000 - 0x00007ffe32bc4000 	C:\Windows\system32\SHLWAPI.dll
0x00007ffe32c90000 - 0x00007ffe32e07000 	C:\Windows\system32\USER32.dll
0x00007ffe31470000 - 0x00007ffe31604000 	C:\Windows\system32\ole32.dll
0x00007ffe31610000 - 0x00007ffe32b28000 	C:\Windows\system32\SHELL32.dll
0x00007ffe2fd50000 - 0x00007ffe2fd71000 	C:\Windows\SYSTEM32\USERENV.dll
0x00007ffe310c0000 - 0x00007ffe3116a000 	C:\Windows\system32\ADVAPI32.dll
0x00007ffe2a010000 - 0x00007ffe2a02e000 	C:\Windows\SYSTEM32\MPR.dll
0x00007ffe32fb0000 - 0x00007ffe330f1000 	C:\Windows\system32\RPCRT4.dll
0x00007ffe31060000 - 0x00007ffe310b9000 	C:\Windows\SYSTEM32\sechost.dll
0x00007ffe31190000 - 0x00007ffe313a1000 	C:\Windows\SYSTEM32\combase.dll
0x00007ffe30e90000 - 0x00007ffe30fe1000 	C:\Windows\system32\GDI32.dll
0x00007ffe307b0000 - 0x00007ffe307c5000 	C:\Windows\SYSTEM32\profapi.dll
0x00007ffe2ed20000 - 0x00007ffe2edd2000 	C:\Windows\SYSTEM32\SHCORE.dll
0x00007ffe32b30000 - 0x00007ffe32b66000 	C:\Windows\system32\IMM32.DLL
0x00007ffe333c0000 - 0x00007ffe33512000 	C:\Windows\system32\MSCTF.dll
0x00007ffe2e400000 - 0x00007ffe2e67b000 	C:\Windows\WinSxS\amd64_microsoft.windows.common-controls_6595b64144ccf1df_6.0.9600.17784_none_624760d1ecb7236e\COMCTL32.dll
0x000000006e990000 - 0x000000006ea62000 	C:\Program Files\Java\jdk1.8.0_51\jre\bin\msvcr100.dll
0x000000006e100000 - 0x000000006e983000 	C:\Program Files\Java\jdk1.8.0_51\jre\bin\server\jvm.dll
0x00007ffe24d60000 - 0x00007ffe24d69000 	C:\Windows\SYSTEM32\WSOCK32.dll
0x00007ffe2bef0000 - 0x00007ffe2bf12000 	C:\Windows\SYSTEM32\WINMM.dll
0x00007ffe2bc80000 - 0x00007ffe2bc8a000 	C:\Windows\SYSTEM32\VERSION.dll
0x00007ffe33110000 - 0x00007ffe33117000 	C:\Windows\system32\PSAPI.DLL
0x00007ffe32e10000 - 0x00007ffe32e6a000 	C:\Windows\system32\WS2_32.dll
0x00007ffe2bea0000 - 0x00007ffe2beca000 	C:\Windows\SYSTEM32\WINMMBASE.dll
0x00007ffe32e70000 - 0x00007ffe32e79000 	C:\Windows\system32\NSI.dll
0x00007ffe30a60000 - 0x00007ffe30aaf000 	C:\Windows\SYSTEM32\cfgmgr32.dll
0x00007ffe2f5a0000 - 0x00007ffe2f5c8000 	C:\Windows\SYSTEM32\DEVOBJ.dll
0x000000006e0f0000 - 0x000000006e0ff000 	C:\Program Files\Java\jdk1.8.0_51\jre\bin\verify.dll
0x000000006e0c0000 - 0x000000006e0e9000 	C:\Program Files\Java\jdk1.8.0_51\jre\bin\java.dll
0x000000006db70000 - 0x000000006dba5000 	C:\Program Files\Java\jdk1.8.0_51\jre\bin\jdwp.dll
0x000000006dfe0000 - 0x000000006dfe8000 	C:\Program Files\Java\jdk1.8.0_51\jre\bin\npt.dll
0x000000006e0a0000 - 0x000000006e0b6000 	C:\Program Files\Java\jdk1.8.0_51\jre\bin\zip.dll
0x000000006db60000 - 0x000000006db69000 	C:\Program Files\Java\jdk1.8.0_51\jre\bin\dt_socket.dll
0x00007ffe24b30000 - 0x00007ffe24b45000 	C:\Windows\system32\napinsp.dll
0x00007ffe24b10000 - 0x00007ffe24b2a000 	C:\Windows\system32\pnrpnsp.dll
0x00007ffe29e30000 - 0x00007ffe29e4b000 	C:\Windows\system32\NLAapi.dll
0x00007ffe2ffc0000 - 0x00007ffe30019000 	C:\Windows\System32\mswsock.dll
0x00007ffe2fdc0000 - 0x00007ffe2fe64000 	C:\Windows\SYSTEM32\DNSAPI.dll
0x00007ffe24af0000 - 0x00007ffe24afd000 	C:\Windows\System32\winrnr.dll
0x00007ffe29500000 - 0x00007ffe2956b000 	C:\Windows\System32\fwpuclnt.dll
0x00007ffe24a20000 - 0x00007ffe24a2a000 	C:\Windows\System32\rasadhlp.dll
0x000000006e070000 - 0x000000006e09c000 	C:\Program Files\Java\jdk1.8.0_51\jre\bin\prism_d3d.dll
0x00007ffe0eb20000 - 0x00007ffe0ed41000 	C:\Windows\system32\d3d9.dll
0x00007ffe2eb20000 - 0x00007ffe2eb41000 	C:\Windows\SYSTEM32\dwmapi.dll
0x00007ffe2f420000 - 0x00007ffe2f549000 	C:\Windows\system32\uxtheme.dll
0x00007ffe06880000 - 0x00007ffe0801c000 	C:\Windows\SYSTEM32\igdumdim64.dll
0x000000006e020000 - 0x000000006e061000 	C:\Program Files\Java\jdk1.8.0_51\jre\bin\glass.dll
0x00007ffe313b0000 - 0x00007ffe31466000 	C:\Windows\system32\COMDLG32.dll
0x00007ffe32ee0000 - 0x00007ffe32fa1000 	C:\Windows\system32\OLEAUT32.dll
0x00007ffe0f1a0000 - 0x00007ffe0f1e9000 	C:\Program Files (x86)\TeamViewer\tv_x64.dll
0x00007ffe2f5f0000 - 0x00007ffe2f5fb000 	C:\Windows\SYSTEM32\kernel.appcore.dll
0x00007ffe30680000 - 0x00007ffe3068b000 	C:\Windows\SYSTEM32\CRYPTBASE.dll
0x00007ffe30610000 - 0x00007ffe30673000 	C:\Windows\SYSTEM32\bcryptPrimitives.dll
0x00007ffe1a220000 - 0x00007ffe1abe9000 	C:\Windows\SYSTEM32\igdusc64.dll
0x00007ffe24bd0000 - 0x00007ffe24d59000 	C:\Windows\SYSTEM32\dbghelp.dll

VM Arguments:
jvm_args: -agentlib:jdwp=transport=dt_socket,suspend=y,address=localhost:7245 -Dfile.encoding=Cp1252 
java_command: Main
java_class_path (initial): F:\Using soft\programming\Programmings\Java\JavaFx\bin;F:\Using soft\Downloads\Compressed\OnBarcode.BarcodeGenerator.Java\barcode.jar;F:\Using soft\Downloads\jfxtras-labs-8.0-r1.jar;F:\Using soft\Downloads\jasperreports-javaflow-6.2.0.jar;F:\Using soft\Downloads\Compressed\itextpdf-5.5.6.jar;F:\Using soft\Downloads\Compressed\ojdbc6-11.2.0.2.0.jar\ojdbc6-11.2.0.2.0.jar
Launcher Type: SUN_STANDARD

Environment Variables:
JAVA_HOME=C:\Program Files\Java\jdk1.8.0_51
PATH=C:\Program Files\Java\jdk1.8.0_51\jre\bin;C:/Program Files/Java/jre1.8.0_66/bin/server;C:/Program Files/Java/jre1.8.0_66/bin;C:/Program Files/Java/jre1.8.0_66/lib/amd64;C:\ProgramData\Oracle\Java\javapath;C:\oraclexe\app\oracle\product\11.2.0\server\bin;;C:\Program Files (x86)\Intel\iCLS Client\;C:\Program Files\Intel\iCLS Client\;C:\Windows\system32;C:\Windows;C:\Windows\System32\Wbem;C:\Windows\System32\WindowsPowerShell\v1.0\;C:\Program Files\Intel\Intel(R) Management Engine Components\DAL;C:\Program Files\Intel\Intel(R) Management Engine Components\IPT;C:\Program Files (x86)\Intel\Intel(R) Management Engine Components\DAL;C:\Program Files (x86)\Intel\Intel(R) Management Engine Components\IPT;C:\Program Files\Microsoft SQL Server\110\Tools\Binn\;C:\Program Files (x86)\Microsoft SQL Server\100\Tools\Binn\;C:\Program Files\Microsoft SQL Server\100\Tools\Binn\;C:\Program Files\Microsoft SQL Server\100\DTS\Binn\;C:\Program Files (x86)\Skype\Phone\;C:\Program Files\Java\jdk1.8.0_51\bin;C:\eclipse;
USERNAME=ROBIN
OS=Windows_NT
PROCESSOR_IDENTIFIER=Intel64 Family 6 Model 60 Stepping 3, GenuineIntel



---------------  S Y S T E M  ---------------

OS: Windows 8.1 , 64 bit Build 9600 (6.3.9600.17415)

CPU:total 4 (2 cores per cpu, 2 threads per core) family 6 model 60 stepping 3, cmov, cx8, fxsr, mmx, sse, sse2, sse3, ssse3, sse4.1, sse4.2, popcnt, avx, avx2, aes, clmul, erms, lzcnt, ht, tsc, tscinvbit, bmi1, bmi2

Memory: 4k page, physical 4062256k(315176k free), swap 14924848k(7204200k free)

vm_info: Java HotSpot(TM) 64-Bit Server VM (25.51-b03) for windows-amd64 JRE (1.8.0_51-b16), built on Jun  8 2015 18:03:07 by "java_re" with MS VC++ 10.0 (VS2010)

time: Wed Jan 06 02:42:02 2016
elapsed time: 34 seconds (0d 0h 0m 34s)

