#
# A fatal error has been detected by the Java Runtime Environment:
#
#  EXCEPTION_ACCESS_VIOLATION (0xc0000005) at pc=0x00000000763181c5, pid=11428, tid=3676
#
# JRE version: Java(TM) SE Runtime Environment (8.0_51-b16) (build 1.8.0_51-b16)
# Java VM: Java HotSpot(TM) 64-Bit Server VM (25.51-b03 mixed mode windows-amd64 compressed oops)
# Problematic frame:
# V  [jvm.dll+0x1281c5]
#
# Failed to write core dump. Minidumps are not enabled by default on client versions of Windows
#
# If you would like to submit a bug report, please visit:
#   http://bugreport.java.com/bugreport/crash.jsp
#

---------------  T H R E A D  ---------------

Current thread (0x0000000014764000):  JavaThread "JDWP Transport Listener: dt_socket" daemon [_thread_in_vm, id=3676, stack(0x0000000015fa0000,0x00000000160a0000)]

siginfo: ExceptionCode=0xc0000005, reading address 0x000009000000003e

Registers:
RAX=0x000000001609f201, RBX=0x0000000014764000, RCX=0x000009000000003e, RDX=0x0000000000000000
RSP=0x000000001609f240, RBP=0x000009000000003e, RSI=0x000000001609f358, RDI=0x00000000007e98b0
R8 =0x0000000014764000, R9 =0x0000000000008000, R10=0x0000000000000000, R11=0x0000000018a6cb78
R12=0x0000000000000000, R13=0x000000001476f818, R14=0x0000000000000000, R15=0x0000000000000000
RIP=0x00000000763181c5, EFLAGS=0x0000000000010202

Top of Stack: (sp=0x000000001609f240)
0x000000001609f240:   0000000014764000 00000000187bbdd0
0x000000001609f250:   000000001609f308 000000007651c72b
0x000000001609f260:   0000000014764000 0000000076538f8d
0x000000001609f270:   0000000000000000 0000000050019155
0x000000001609f280:   00000000188d5de0 000000005002291e
0x000000001609f290:   0000000014764000 0000000000000000
0x000000001609f2a0:   0000000000000000 0000000000000000
0x000000001609f2b0:   000009000000003e 0000000050021a15
0x000000001609f2c0:   000000001609f358 000000001609f330
0x000000001609f2d0:   0000000000000001 00000000188d5de0
0x000000001609f2e0:   000009000000003e 00000000500053b3
0x000000001609f2f0:   000000001609f420 0000000000000001
0x000000001609f300:   0000000000000001 00000000188d5de0
0x000000001609f310:   00000000f0001002 0000000000000000
0x000000001609f320:   0000000000000000 0000000000000000
0x000000001609f330:   0000000000000001 0000000050005571 

Instructions: (pc=0x00000000763181c5)
0x00000000763181a5:   cc cc cc cc cc cc cc cc cc cc cc 48 83 ec 28 48
0x00000000763181b5:   85 c9 75 07 33 c0 48 83 c4 28 c3 48 89 5c 24 20
0x00000000763181c5:   48 8b 19 48 85 db 74 20 48 83 fb 37 74 1a 48 8b
0x00000000763181d5:   13 48 8b cb ff 52 10 84 c0 74 0d 48 8b c3 48 8b 


Register to memory mapping:

RAX=0x000000001609f201 is pointing into the stack for thread: 0x0000000014764000
RBX=0x0000000014764000 is a thread
RCX=0x000009000000003e is an unknown value
RDX=0x0000000000000000 is an unknown value
RSP=0x000000001609f240 is pointing into the stack for thread: 0x0000000014764000
RBP=0x000009000000003e is an unknown value
RSI=0x000000001609f358 is pointing into the stack for thread: 0x0000000014764000
RDI=0x00000000007e98b0 is an unknown value
R8 =0x0000000014764000 is a thread
R9 =0x0000000000008000 is an unknown value
R10=0x0000000000000000 is an unknown value
R11=0x0000000018a6cb78 is an unknown value
R12=0x0000000000000000 is an unknown value
R13=0x000000001476f818 is an unknown value
R14=0x0000000000000000 is an unknown value
R15=0x0000000000000000 is an unknown value


Stack: [0x0000000015fa0000,0x00000000160a0000],  sp=0x000000001609f240,  free space=1020k
Native frames: (J=compiled Java code, j=interpreted, Vv=VM code, C=native code)
V  [jvm.dll+0x1281c5]
V  [jvm.dll+0x348f8d]
C  [jdwp.dll+0x21a15]
C  [jdwp.dll+0x53b3]
C  [jdwp.dll+0x5571]
C  [jdwp.dll+0xf0a8]
C  [jdwp.dll+0x1f2d5]
C  [jdwp.dll+0x1f4aa]
V  [jvm.dll+0x1bae78]
V  [jvm.dll+0x2418a4]
V  [jvm.dll+0x29846a]
C  [msvcr100.dll+0x21d9f]
C  [msvcr100.dll+0x21e3b]
C  [KERNEL32.DLL+0x13d2]
C  [ntdll.dll+0x15444]


---------------  P R O C E S S  ---------------

Java Threads: ( => current thread )
  0x000000001699b000 JavaThread "Thread-3" daemon [_thread_in_native, id=11696, stack(0x0000000018f60000,0x0000000019060000)]
  0x0000000016964800 JavaThread "Thread-1" daemon [_thread_blocked, id=12372, stack(0x0000000016da0000,0x0000000016ea0000)]
  0x00000000165f4000 JavaThread "Service Thread" daemon [_thread_blocked, id=3808, stack(0x00000000169a0000,0x0000000016aa0000)]
  0x000000001478b000 JavaThread "C1 CompilerThread2" daemon [_thread_blocked, id=12124, stack(0x00000000164a0000,0x00000000165a0000)]
  0x0000000014789800 JavaThread "C2 CompilerThread1" daemon [_thread_blocked, id=12104, stack(0x00000000163a0000,0x00000000164a0000)]
  0x0000000014783800 JavaThread "C2 CompilerThread0" daemon [_thread_blocked, id=12528, stack(0x00000000162a0000,0x00000000163a0000)]
  0x0000000014778800 JavaThread "JDWP Command Reader" daemon [_thread_in_native, id=10500, stack(0x00000000161a0000,0x00000000162a0000)]
  0x0000000014772000 JavaThread "JDWP Event Helper Thread" daemon [_thread_blocked, id=12664, stack(0x00000000160a0000,0x00000000161a0000)]
=>0x0000000014764000 JavaThread "JDWP Transport Listener: dt_socket" daemon [_thread_in_vm, id=3676, stack(0x0000000015fa0000,0x00000000160a0000)]
  0x000000001475c800 JavaThread "Attach Listener" daemon [_thread_blocked, id=6648, stack(0x0000000015bc0000,0x0000000015cc0000)]
  0x000000001475b800 JavaThread "Signal Dispatcher" daemon [_thread_blocked, id=11636, stack(0x0000000015ac0000,0x0000000015bc0000)]
  0x00000000021b7000 JavaThread "Finalizer" daemon [_thread_blocked, id=10420, stack(0x00000000159c0000,0x0000000015ac0000)]
  0x00000000021ae800 JavaThread "Reference Handler" daemon [_thread_blocked, id=12848, stack(0x00000000158c0000,0x00000000159c0000)]
  0x00000000020c2800 JavaThread "main" [_thread_blocked, id=10316, stack(0x0000000001f30000,0x0000000002030000)]

Other Threads:
  0x0000000014727800 VMThread [stack: 0x00000000157c0000,0x00000000158c0000] [id=12564]
  0x00000000165f8800 WatcherThread [stack: 0x0000000016aa0000,0x0000000016ba0000] [id=5500]

VM state:not at safepoint (normal execution)

VM Mutex/Monitor currently owned by a thread: None

Heap:
 PSYoungGen      total 18432K, used 3898K [0x00000000eb580000, 0x00000000eca00000, 0x0000000100000000)
  eden space 15872K, 8% used [0x00000000eb580000,0x00000000eb6d27e0,0x00000000ec500000)
  from space 2560K, 99% used [0x00000000ec500000,0x00000000ec77c030,0x00000000ec780000)
  to   space 2560K, 0% used [0x00000000ec780000,0x00000000ec780000,0x00000000eca00000)
 ParOldGen       total 42496K, used 176K [0x00000000c2000000, 0x00000000c4980000, 0x00000000eb580000)
  object space 42496K, 0% used [0x00000000c2000000,0x00000000c202c000,0x00000000c4980000)
 Metaspace       used 10534K, capacity 11016K, committed 11264K, reserved 1058816K
  class space    used 1292K, capacity 1434K, committed 1536K, reserved 1048576K

Card table byte_map: [0x0000000011580000,0x0000000011780000] byte_map_base: 0x0000000010f70000

Marking Bits: (ParMarkBitMap*) 0x00000000769f4040
 Begin Bits: [0x0000000011cd0000, 0x0000000012c50000)
 End Bits:   [0x0000000012c50000, 0x0000000013bd0000)

Polling page: 0x0000000000660000

CodeCache: size=245760Kb used=2744Kb max_used=2764Kb free=243015Kb
 bounds [0x00000000021c0000, 0x0000000002480000, 0x00000000111c0000]
 total_blobs=1120 nmethods=692 adapters=349
 compilation: enabled

Compilation events (10 events):
Event: 0.511 Thread 0x000000001478b000  687       1       javafx.scene.Parent::access$200 (5 bytes)
Event: 0.511 Thread 0x000000001478b000 nmethod 687 0x0000000002461f90 code [0x00000000024620e0, 0x00000000024621d0]
Event: 0.511 Thread 0x000000001478b000  690       1       java.lang.reflect.Constructor::getDeclaringClass (5 bytes)
Event: 0.511 Thread 0x000000001478b000 nmethod 690 0x0000000002463810 code [0x0000000002463960, 0x0000000002463a70]
Event: 0.514 Thread 0x000000001478b000  692  s    1       java.util.Vector::size (5 bytes)
Event: 0.514 Thread 0x000000001478b000 nmethod 692 0x0000000002465dd0 code [0x0000000002465f20, 0x0000000002466190]
Event: 0.519 Thread 0x0000000014783800 nmethod 688 0x0000000002465510 code [0x0000000002465660, 0x0000000002465bb8]
Event: 0.519 Thread 0x0000000014783800  691       4       java.lang.StringBuilder::append (8 bytes)
Event: 0.524 Thread 0x0000000014783800 nmethod 691 0x000000000246e250 code [0x000000000246e3a0, 0x000000000246e898]
Event: 0.526 Thread 0x0000000014789800 nmethod 634 0x00000000024726d0 code [0x0000000002472900, 0x0000000002474a70]

GC Heap History (2 events):
Event: 0.476 GC heap before
{Heap before GC invocations=1 (full 0):
 PSYoungGen      total 18432K, used 15872K [0x00000000eb580000, 0x00000000eca00000, 0x0000000100000000)
  eden space 15872K, 100% used [0x00000000eb580000,0x00000000ec500000,0x00000000ec500000)
  from space 2560K, 0% used [0x00000000ec780000,0x00000000ec780000,0x00000000eca00000)
  to   space 2560K, 0% used [0x00000000ec500000,0x00000000ec500000,0x00000000ec780000)
 ParOldGen       total 42496K, used 0K [0x00000000c2000000, 0x00000000c4980000, 0x00000000eb580000)
  object space 42496K, 0% used [0x00000000c2000000,0x00000000c2000000,0x00000000c4980000)
 Metaspace       used 9163K, capacity 9540K, committed 9856K, reserved 1058816K
  class space    used 1213K, capacity 1311K, committed 1408K, reserved 1048576K
Event: 0.480 GC heap after
Heap after GC invocations=1 (full 0):
 PSYoungGen      total 18432K, used 2544K [0x00000000eb580000, 0x00000000eca00000, 0x0000000100000000)
  eden space 15872K, 0% used [0x00000000eb580000,0x00000000eb580000,0x00000000ec500000)
  from space 2560K, 99% used [0x00000000ec500000,0x00000000ec77c030,0x00000000ec780000)
  to   space 2560K, 0% used [0x00000000ec780000,0x00000000ec780000,0x00000000eca00000)
 ParOldGen       total 42496K, used 176K [0x00000000c2000000, 0x00000000c4980000, 0x00000000eb580000)
  object space 42496K, 0% used [0x00000000c2000000,0x00000000c202c000,0x00000000c4980000)
 Metaspace       used 9163K, capacity 9540K, committed 9856K, reserved 1058816K
  class space    used 1213K, capacity 1311K, committed 1408K, reserved 1048576K
}

Deoptimization events (3 events):
Event: 0.412 Thread 0x0000000016965000 Uncommon trap: reason=unstable_if action=reinterpret pc=0x0000000002399024 method=java.lang.String.indexOf([CII[CIII)I @ 134
Event: 0.412 Thread 0x0000000016965000 Uncommon trap: reason=unstable_if action=reinterpret pc=0x00000000023736ec method=java.lang.String.replace(CC)Ljava/lang/String; @ 26
Event: 0.432 Thread 0x0000000016965000 Uncommon trap: reason=unstable_if action=reinterpret pc=0x00000000024143fc method=java.util.HashMap.getNode(ILjava/lang/Object;)Ljava/util/HashMap$Node; @ 84

Internal exceptions (10 events):
Event: 0.032 Thread 0x00000000020c2800 Exception <a 'java/lang/NoSuchMethodError': Method sun.misc.Unsafe.prefetchRead(Ljava/lang/Object;J)V name or signature does not match> (0x00000000eb58dad8) thrown at [C:\re\workspace\8-2-build-windows-amd64-cygwin\jdk8u51\3951\hotspot\src\share\vm\prims\jÀ+ùÅƒ?
Event: 0.160 Thread 0x00000000020c2800 Exception <a 'java/lang/NoSuchFieldError': method resolution failed> (0x00000000eb823688) thrown at [C:\re\workspace\8-2-build-windows-amd64-cygwin\jdk8u51\3951\hotspot\src\share\vm\prims\methodHandles.cpp, line 1125]
Event: 0.165 Thread 0x00000000020c2800 Exception <a 'java/lang/NoSuchFieldError': method resolution failed> (0x00000000eb831d58) thrown at [C:\re\workspace\8-2-build-windows-amd64-cygwin\jdk8u51\3951\hotspot\src\share\vm\prims\methodHandles.cpp, line 1125]
Event: 0.184 Thread 0x00000000020c2800 Exception <a 'java/security/PrivilegedActionException'> (0x00000000eb8bb558) thrown at [C:\re\workspace\8-2-build-windows-amd64-cygwin\jdk8u51\3951\hotspot\src\share\vm\prims\jvm.cpp, line 1382]
Event: 0.184 Thread 0x00000000020c2800 Exception <a 'java/security/PrivilegedActionException'> (0x00000000eb8bb710) thrown at [C:\re\workspace\8-2-build-windows-amd64-cygwin\jdk8u51\3951\hotspot\src\share\vm\prims\jvm.cpp, line 1382]
Event: 0.185 Thread 0x00000000020c2800 Exception <a 'java/security/PrivilegedActionException'> (0x00000000eb8bf4a8) thrown at [C:\re\workspace\8-2-build-windows-amd64-cygwin\jdk8u51\3951\hotspot\src\share\vm\prims\jvm.cpp, line 1382]
Event: 0.186 Thread 0x00000000020c2800 Exception <a 'java/security/PrivilegedActionException'> (0x00000000eb8bf660) thrown at [C:\re\workspace\8-2-build-windows-amd64-cygwin\jdk8u51\3951\hotspot\src\share\vm\prims\jvm.cpp, line 1382]
Event: 0.186 Thread 0x00000000020c2800 Exception <a 'java/lang/NullPointerException'> (0x00000000eb8bfbe0) thrown at [C:\re\workspace\8-2-build-windows-amd64-cygwin\jdk8u51\3951\hotspot\src\share\vm\interpreter\linkResolver.cpp, line 1178]
Event: 0.377 Thread 0x0000000016965000 Exception <a 'java/lang/NullPointerException'> (0x00000000ec0c00d0) thrown at [C:\re\workspace\8-2-build-windows-amd64-cygwin\jdk8u51\3951\hotspot\src\share\vm\interpreter\linkResolver.cpp, line 1178]
Event: 0.377 Thread 0x0000000016965000 Exception <a 'java/lang/NullPointerException'> (0x00000000ec0c00d0) thrown at [C:\re\workspace\8-2-build-windows-amd64-cygwin\jdk8u51\3951\hotspot\src\share\vm\prims\jvm.cpp, line 1386]

Events (10 events):
Event: 2933.839 Executing VM operation: RedefineClasses
Event: 2933.844 Executing VM operation: RedefineClasses done
Event: 2947.974 Executing VM operation: RedefineClasses
Event: 2947.978 Executing VM operation: RedefineClasses done
Event: 3069.179 Executing VM operation: RedefineClasses
Event: 3069.182 Executing VM operation: RedefineClasses done
Event: 3120.142 Executing VM operation: RedefineClasses
Event: 3120.145 Executing VM operation: RedefineClasses done
Event: 3484.037 Executing VM operation: RedefineClasses
Event: 3484.041 Executing VM operation: RedefineClasses done


Dynamic libraries:
0x00007ff6d5f10000 - 0x00007ff6d5f47000 	C:\Program Files\Java\jdk1.8.0_51\bin\javaw.exe
0x00007ffcf58c0000 - 0x00007ffcf5a6c000 	C:\Windows\SYSTEM32\ntdll.dll
0x00007ffcf3720000 - 0x00007ffcf385e000 	C:\Windows\system32\KERNEL32.DLL
0x00007ffcf2b90000 - 0x00007ffcf2ca5000 	C:\Windows\system32\KERNELBASE.dll
0x0000000050b10000 - 0x0000000050bb6000 	C:\Program Files\Bitdefender\Bitdefender 2015\Active Virus Control\Avc3_00331_013\avcuf64.dll
0x00007ffcf15b0000 - 0x00007ffcf163e000 	C:\Windows\system32\apphelp.dll
0x00007ffcd3de0000 - 0x00007ffcd3e33000 	C:\Windows\AppPatch\AppPatch64\AcGenral.DLL
0x00007ffcf5510000 - 0x00007ffcf55ba000 	C:\Windows\system32\msvcrt.dll
0x00007ffcf27e0000 - 0x00007ffcf280e000 	C:\Windows\SYSTEM32\SspiCli.dll
0x00007ffcf31b0000 - 0x00007ffcf3204000 	C:\Windows\system32\SHLWAPI.dll
0x00007ffcf5230000 - 0x00007ffcf53a7000 	C:\Windows\system32\USER32.dll
0x00007ffcf55c0000 - 0x00007ffcf5754000 	C:\Windows\system32\ole32.dll
0x00007ffcf3b50000 - 0x00007ffcf5068000 	C:\Windows\system32\SHELL32.dll
0x00007ffcf1fb0000 - 0x00007ffcf1fd1000 	C:\Windows\SYSTEM32\USERENV.dll
0x00007ffcf3a80000 - 0x00007ffcf3b2a000 	C:\Windows\system32\ADVAPI32.dll
0x00007ffcec610000 - 0x00007ffcec62e000 	C:\Windows\SYSTEM32\MPR.dll
0x00007ffcf5070000 - 0x00007ffcf51b1000 	C:\Windows\system32\RPCRT4.dll
0x00007ffcf36c0000 - 0x00007ffcf3719000 	C:\Windows\SYSTEM32\sechost.dll
0x00007ffcf34a0000 - 0x00007ffcf36b1000 	C:\Windows\SYSTEM32\combase.dll
0x00007ffcf5760000 - 0x00007ffcf58b1000 	C:\Windows\system32\GDI32.dll
0x00007ffcf2a10000 - 0x00007ffcf2a25000 	C:\Windows\SYSTEM32\profapi.dll
0x00007ffcf0f80000 - 0x00007ffcf1032000 	C:\Windows\SYSTEM32\SHCORE.dll
0x00007ffcf33f0000 - 0x00007ffcf3426000 	C:\Windows\system32\IMM32.DLL
0x00007ffcf53b0000 - 0x00007ffcf5502000 	C:\Windows\system32\MSCTF.dll
0x00007ffcf0660000 - 0x00007ffcf08db000 	C:\Windows\WinSxS\amd64_microsoft.windows.common-controls_6595b64144ccf1df_6.0.9600.17784_none_624760d1ecb7236e\COMCTL32.dll
0x0000000076a80000 - 0x0000000076b52000 	C:\Program Files\Java\jdk1.8.0_51\jre\bin\msvcr100.dll
0x00000000761f0000 - 0x0000000076a73000 	C:\Program Files\Java\jdk1.8.0_51\jre\bin\server\jvm.dll
0x00007ffce71c0000 - 0x00007ffce71c9000 	C:\Windows\SYSTEM32\WSOCK32.dll
0x00007ffcee180000 - 0x00007ffcee1a2000 	C:\Windows\SYSTEM32\WINMM.dll
0x00007ffcee0d0000 - 0x00007ffcee0da000 	C:\Windows\SYSTEM32\VERSION.dll
0x00007ffcf3b40000 - 0x00007ffcf3b47000 	C:\Windows\system32\PSAPI.DLL
0x00007ffcf3940000 - 0x00007ffcf399a000 	C:\Windows\system32\WS2_32.dll
0x00007ffcee140000 - 0x00007ffcee16a000 	C:\Windows\SYSTEM32\WINMMBASE.dll
0x00007ffcf3b30000 - 0x00007ffcf3b39000 	C:\Windows\system32\NSI.dll
0x00007ffcf2d10000 - 0x00007ffcf2d5f000 	C:\Windows\SYSTEM32\cfgmgr32.dll
0x00007ffcf1830000 - 0x00007ffcf1858000 	C:\Windows\SYSTEM32\DEVOBJ.dll
0x00000000500c0000 - 0x00000000500cf000 	C:\Program Files\Java\jdk1.8.0_51\jre\bin\verify.dll
0x0000000050090000 - 0x00000000500b9000 	C:\Program Files\Java\jdk1.8.0_51\jre\bin\java.dll
0x0000000050000000 - 0x0000000050035000 	C:\Program Files\Java\jdk1.8.0_51\jre\bin\jdwp.dll
0x0000000076190000 - 0x0000000076198000 	C:\Program Files\Java\jdk1.8.0_51\jre\bin\npt.dll
0x0000000050070000 - 0x0000000050086000 	C:\Program Files\Java\jdk1.8.0_51\jre\bin\zip.dll
0x0000000076180000 - 0x0000000076189000 	C:\Program Files\Java\jdk1.8.0_51\jre\bin\dt_socket.dll
0x00007ffce6f90000 - 0x00007ffce6fa5000 	C:\Windows\system32\napinsp.dll
0x00007ffce6f70000 - 0x00007ffce6f8a000 	C:\Windows\system32\pnrpnsp.dll
0x00007ffcec400000 - 0x00007ffcec41b000 	C:\Windows\system32\NLAapi.dll
0x00007ffcf2220000 - 0x00007ffcf2279000 	C:\Windows\System32\mswsock.dll
0x00007ffcf2020000 - 0x00007ffcf20c4000 	C:\Windows\SYSTEM32\DNSAPI.dll
0x00007ffce6f60000 - 0x00007ffce6f6d000 	C:\Windows\System32\winrnr.dll
0x00007ffceb530000 - 0x00007ffceb59b000 	C:\Windows\System32\fwpuclnt.dll
0x00007ffce6ea0000 - 0x00007ffce6eaa000 	C:\Windows\System32\rasadhlp.dll
0x0000000050040000 - 0x000000005006c000 	C:\Program Files\Java\jdk1.8.0_51\jre\bin\prism_d3d.dll
0x00007ffccd4e0000 - 0x00007ffccd701000 	C:\Windows\system32\d3d9.dll
0x00007ffcf0d80000 - 0x00007ffcf0da1000 	C:\Windows\SYSTEM32\dwmapi.dll
0x00007ffcf1680000 - 0x00007ffcf17a9000 	C:\Windows\system32\uxtheme.dll
0x00000000761a0000 - 0x00000000761e1000 	C:\Program Files\Java\jdk1.8.0_51\jre\bin\glass.dll
0x00007ffcf30f0000 - 0x00007ffcf31a6000 	C:\Windows\system32\COMDLG32.dll
0x00007ffcf3870000 - 0x00007ffcf3931000 	C:\Windows\system32\OLEAUT32.dll
0x00007ffcd8c70000 - 0x00007ffcd8cb9000 	C:\Program Files (x86)\TeamViewer\tv_x64.dll
0x00007ffcf1800000 - 0x00007ffcf180b000 	C:\Windows\SYSTEM32\kernel.appcore.dll
0x00007ffcf28e0000 - 0x00007ffcf28eb000 	C:\Windows\SYSTEM32\CRYPTBASE.dll
0x00007ffcf2870000 - 0x00007ffcf28d3000 	C:\Windows\SYSTEM32\bcryptPrimitives.dll
0x00007ffce7030000 - 0x00007ffce71b9000 	C:\Windows\SYSTEM32\dbghelp.dll

VM Arguments:
jvm_args: -agentlib:jdwp=transport=dt_socket,suspend=y,address=localhost:7079 -Dfile.encoding=Cp1252 
java_command: Main
java_class_path (initial): F:\Using soft\programming\Programmings\Java\JavaFx\bin;F:\Using soft\Downloads\Compressed\OnBarcode.BarcodeGenerator.Java\barcode.jar;F:\Using soft\Downloads\jfxtras-labs-8.0-r1.jar;F:\Using soft\Downloads\jasperreports-javaflow-6.2.0.jar;F:\Using soft\Downloads\Compressed\itextpdf-5.5.6.jar;F:\Using soft\Downloads\Compressed\ojdbc6-11.2.0.2.0.jar\ojdbc6-11.2.0.2.0.jar
Launcher Type: SUN_STANDARD

Environment Variables:
JAVA_HOME=C:\Program Files\Java\jdk1.8.0_51
PATH=C:\Program Files\Java\jdk1.8.0_51\jre\bin;C:/Program Files/Java/jre1.8.0_66/bin/server;C:/Program Files/Java/jre1.8.0_66/bin;C:/Program Files/Java/jre1.8.0_66/lib/amd64;C:\ProgramData\Oracle\Java\javapath;C:\oraclexe\app\oracle\product\11.2.0\server\bin;;C:\Program Files (x86)\Intel\iCLS Client\;C:\Program Files\Intel\iCLS Client\;C:\Windows\system32;C:\Windows;C:\Windows\System32\Wbem;C:\Windows\System32\WindowsPowerShell\v1.0\;C:\Program Files\Intel\Intel(R) Management Engine Components\DAL;C:\Program Files\Intel\Intel(R) Management Engine Components\IPT;C:\Program Files (x86)\Intel\Intel(R) Management Engine Components\DAL;C:\Program Files (x86)\Intel\Intel(R) Management Engine Components\IPT;C:\Program Files\Microsoft SQL Server\110\Tools\Binn\;C:\Program Files (x86)\Microsoft SQL Server\100\Tools\Binn\;C:\Program Files\Microsoft SQL Server\100\Tools\Binn\;C:\Program Files\Microsoft SQL Server\100\DTS\Binn\;C:\Program Files (x86)\Skype\Phone\;C:\Program Files\Java\jdk1.8.0_51\bin;C:\eclipse;
USERNAME=ROBIN
OS=Windows_NT
PROCESSOR_IDENTIFIER=Intel64 Family 6 Model 60 Stepping 3, GenuineIntel



---------------  S Y S T E M  ---------------

OS: Windows 8.1 , 64 bit Build 9600 (6.3.9600.17415)

CPU:total 4 (2 cores per cpu, 2 threads per core) family 6 model 60 stepping 3, cmov, cx8, fxsr, mmx, sse, sse2, sse3, ssse3, sse4.1, sse4.2, popcnt, avx, avx2, aes, clmul, erms, lzcnt, ht, tsc, tscinvbit, bmi1, bmi2

Memory: 4k page, physical 4062256k(942036k free), swap 14662704k(2644992k free)

vm_info: Java HotSpot(TM) 64-Bit Server VM (25.51-b03) for windows-amd64 JRE (1.8.0_51-b16), built on Jun  8 2015 18:03:07 by "java_re" with MS VC++ 10.0 (VS2010)

time: Tue Jan 05 02:36:55 2016
elapsed time: 3484 seconds (0d 0h 58m 4s)

