#
# A fatal error has been detected by the Java Runtime Environment:
#
#  EXCEPTION_ACCESS_VIOLATION (0xc0000005) at pc=0x000000006e2281d9, pid=2548, tid=8664
#
# JRE version: Java(TM) SE Runtime Environment (8.0_51-b16) (build 1.8.0_51-b16)
# Java VM: Java HotSpot(TM) 64-Bit Server VM (25.51-b03 mixed mode windows-amd64 compressed oops)
# Problematic frame:
# V  [jvm.dll+0x1281d9]
#
# Failed to write core dump. Minidumps are not enabled by default on client versions of Windows
#
# If you would like to submit a bug report, please visit:
#   http://bugreport.java.com/bugreport/crash.jsp
#

---------------  T H R E A D  ---------------

Current thread (0x0000000014ee0800):  JavaThread "JDWP Transport Listener: dt_socket" daemon [_thread_in_vm, id=8664, stack(0x0000000016700000,0x0000000016800000)]

siginfo: ExceptionCode=0xc0000005, reading address 0x00000011595c2919

Registers:
RAX=0x00000000167ff501, RBX=0x00000000ec5e64c0, RCX=0x00000000ec5e64c0, RDX=0x00000011595c2909
RSP=0x00000000167ff500, RBP=0x0000000018fce000, RSI=0x00000000167ff618, RDI=0x00000000026498b0
R8 =0x0000000014ee0800, R9 =0x0000000000008000, R10=0x0000000000000000, R11=0x0000000016fde09c
R12=0x0000000000000000, R13=0x0000000014ed7a08, R14=0x0000000000000000, R15=0x0000000000000000
RIP=0x000000006e2281d9, EFLAGS=0x0000000000010212

Top of Stack: (sp=0x00000000167ff500)
0x00000000167ff500:   0000000014ee0800 0000000014ee0800
0x00000000167ff510:   00000000167ff5c8 000000006e42c72b
0x00000000167ff520:   0000000014ee0800 000000006e448f8d
0x00000000167ff530:   0000000000000000 000000006e099155
0x00000000167ff540:   0000000018ee57b8 000000006e0a291e
0x00000000167ff550:   0000000014ee0800 0000000000000000
0x00000000167ff560:   0000000000000000 0000000000000000
0x00000000167ff570:   0000000018fce000 000000006e0a1a15
0x00000000167ff580:   00000000167ff618 00000000167ff5f0
0x00000000167ff590:   0000000000000001 0000000018ee57b8
0x00000000167ff5a0:   0000000018fce000 000000006e0853b3
0x00000000167ff5b0:   00000000167ff6e0 0000000000000001
0x00000000167ff5c0:   0000000000000001 0000000018ee57b8
0x00000000167ff5d0:   0000000000000001 0000000000000000
0x00000000167ff5e0:   0000000000000000 0000000000000000
0x00000000167ff5f0:   0000000000000001 000000006e085571 

Instructions: (pc=0x000000006e2281d9)
0x000000006e2281b9:   33 c0 48 83 c4 28 c3 48 89 5c 24 20 48 8b 19 48
0x000000006e2281c9:   85 db 74 20 48 83 fb 37 74 1a 48 8b 13 48 8b cb
0x000000006e2281d9:   ff 52 10 84 c0 74 0d 48 8b c3 48 8b 5c 24 20 48
0x000000006e2281e9:   83 c4 28 c3 33 c0 48 8b 5c 24 20 48 83 c4 28 c3 


Register to memory mapping:

RAX=0x00000000167ff501 is pointing into the stack for thread: 0x0000000014ee0800
RBX=0x00000000ec5e64c0 is an oop
java.lang.Class 
 - klass: 'java/lang/Class'
RCX=0x00000000ec5e64c0 is an oop
java.lang.Class 
 - klass: 'java/lang/Class'
RDX=0x00000011595c2909 is an unknown value
RSP=0x00000000167ff500 is pointing into the stack for thread: 0x0000000014ee0800
RBP=0x0000000018fce000 is an unknown value
RSI=0x00000000167ff618 is pointing into the stack for thread: 0x0000000014ee0800
RDI=0x00000000026498b0 is an unknown value
R8 =0x0000000014ee0800 is a thread
R9 =0x0000000000008000 is an unknown value
R10=0x0000000000000000 is an unknown value
R11=0x0000000016fde09c is an unknown value
R12=0x0000000000000000 is an unknown value
R13=0x0000000014ed7a08 is an unknown value
R14=0x0000000000000000 is an unknown value
R15=0x0000000000000000 is an unknown value


Stack: [0x0000000016700000,0x0000000016800000],  sp=0x00000000167ff500,  free space=1021k
Native frames: (J=compiled Java code, j=interpreted, Vv=VM code, C=native code)
V  [jvm.dll+0x1281d9]
V  [jvm.dll+0x348f8d]
C  [jdwp.dll+0x21a15]
C  [jdwp.dll+0x53b3]
C  [jdwp.dll+0x5571]
C  [jdwp.dll+0xf0a8]
C  [jdwp.dll+0x1f2d5]
C  [jdwp.dll+0x1f4aa]
V  [jvm.dll+0x1bae78]
V  [jvm.dll+0x2418a4]
V  [jvm.dll+0x29846a]
C  [msvcr100.dll+0x21d9f]
C  [msvcr100.dll+0x21e3b]
C  [KERNEL32.DLL+0x13d2]
C  [ntdll.dll+0x15444]


---------------  P R O C E S S  ---------------

Java Threads: ( => current thread )
  0x0000000018f04000 JavaThread "JavaFX-Launcher" [_thread_blocked, id=9472, stack(0x0000000019790000,0x0000000019890000)]
  0x0000000018f00800 JavaThread "Thread-2" daemon [_thread_in_native, id=3852, stack(0x0000000019690000,0x0000000019790000)]
  0x00000000170ae800 JavaThread "JavaFX Application Thread" [_thread_blocked, id=9300, stack(0x0000000017600000,0x0000000017700000)]
  0x00000000170a6000 JavaThread "Thread-1" daemon [_thread_blocked, id=8624, stack(0x0000000017500000,0x0000000017600000)]
  0x0000000017090800 JavaThread "QuantumRenderer-0" daemon [_thread_blocked, id=1896, stack(0x0000000017300000,0x0000000017400000)]
  0x0000000016d55000 JavaThread "Service Thread" daemon [_thread_blocked, id=9348, stack(0x0000000017100000,0x0000000017200000)]
  0x0000000014efa000 JavaThread "C1 CompilerThread2" daemon [_thread_blocked, id=9768, stack(0x0000000016c00000,0x0000000016d00000)]
  0x0000000014ef9000 JavaThread "C2 CompilerThread1" daemon [_thread_blocked, id=9268, stack(0x0000000016b00000,0x0000000016c00000)]
  0x0000000014ef7000 JavaThread "C2 CompilerThread0" daemon [_thread_blocked, id=9836, stack(0x0000000016a00000,0x0000000016b00000)]
  0x0000000014ee9800 JavaThread "JDWP Command Reader" daemon [_thread_in_native, id=8900, stack(0x0000000016900000,0x0000000016a00000)]
  0x0000000014ee3000 JavaThread "JDWP Event Helper Thread" daemon [_thread_blocked, id=4580, stack(0x0000000016800000,0x0000000016900000)]
=>0x0000000014ee0800 JavaThread "JDWP Transport Listener: dt_socket" daemon [_thread_in_vm, id=8664, stack(0x0000000016700000,0x0000000016800000)]
  0x0000000014ecd800 JavaThread "Attach Listener" daemon [_thread_blocked, id=2272, stack(0x0000000016320000,0x0000000016420000)]
  0x0000000014ecc800 JavaThread "Signal Dispatcher" daemon [_thread_blocked, id=9588, stack(0x0000000016220000,0x0000000016320000)]
  0x0000000014e99000 JavaThread "Finalizer" daemon [_thread_blocked, id=10004, stack(0x0000000016120000,0x0000000016220000)]
  0x0000000002921800 JavaThread "Reference Handler" daemon [_thread_blocked, id=9760, stack(0x0000000016020000,0x0000000016120000)]
  0x0000000002832800 JavaThread "main" [_thread_blocked, id=9756, stack(0x0000000002730000,0x0000000002830000)]

Other Threads:
  0x0000000014e97800 VMThread [stack: 0x0000000015f20000,0x0000000016020000] [id=8472]
  0x0000000016d5b000 WatcherThread [stack: 0x0000000017200000,0x0000000017300000] [id=7144]

VM state:not at safepoint (normal execution)

VM Mutex/Monitor currently owned by a thread: None

Heap:
 PSYoungGen      total 18432K, used 4949K [0x00000000eb580000, 0x00000000eca00000, 0x0000000100000000)
  eden space 15872K, 15% used [0x00000000eb580000,0x00000000eb7dd6e0,0x00000000ec500000)
  from space 2560K, 98% used [0x00000000ec500000,0x00000000ec778040,0x00000000ec780000)
  to   space 2560K, 0% used [0x00000000ec780000,0x00000000ec780000,0x00000000eca00000)
 ParOldGen       total 42496K, used 216K [0x00000000c2000000, 0x00000000c4980000, 0x00000000eb580000)
  object space 42496K, 0% used [0x00000000c2000000,0x00000000c2036000,0x00000000c4980000)
 Metaspace       used 12873K, capacity 13448K, committed 13696K, reserved 1060864K
  class space    used 1420K, capacity 1548K, committed 1664K, reserved 1048576K

Card table byte_map: [0x0000000011cf0000,0x0000000011ef0000] byte_map_base: 0x00000000116e0000

Marking Bits: (ParMarkBitMap*) 0x000000006e904040
 Begin Bits: [0x0000000012440000, 0x00000000133c0000)
 End Bits:   [0x00000000133c0000, 0x0000000014340000)

Polling page: 0x0000000000c00000

CodeCache: size=245760Kb used=3012Kb max_used=3024Kb free=242747Kb
 bounds [0x0000000002930000, 0x0000000002c30000, 0x0000000011930000]
 total_blobs=1183 nmethods=752 adapters=352
 compilation: enabled

Compilation events (10 events):
Event: 2.547 Thread 0x0000000014efa000  748       1       com.sun.javafx.tk.quantum.PaintCollector::hasDirty (5 bytes)
Event: 2.548 Thread 0x0000000014efa000 nmethod 748 0x0000000002c1d950 code [0x0000000002c1daa0, 0x0000000002c1dbb0]
Event: 4.595 Thread 0x0000000014efa000  749       3       com.sun.javafx.tk.quantum.QuantumToolkit$$Lambda$41/586324237::run (8 bytes)
Event: 4.595 Thread 0x0000000014efa000 nmethod 749 0x0000000002c1dc10 code [0x0000000002c1ddc0, 0x0000000002c1e228]
Event: 6.627 Thread 0x0000000014efa000  750       3       com.sun.javafx.tk.quantum.QuantumToolkit::postPulse (148 bytes)
Event: 6.631 Thread 0x0000000014efa000 nmethod 750 0x0000000002c1e450 code [0x0000000002c1e7c0, 0x0000000002c20818]
Event: 86.500 Thread 0x0000000014ef7000  751       4       com.sun.javafx.tk.quantum.QuantumToolkit::postPulse (148 bytes)
Event: 86.505 Thread 0x0000000014ef7000 nmethod 751 0x0000000002c24150 code [0x0000000002c242a0, 0x0000000002c244b8]
Event: 86.515 Thread 0x0000000014ef9000  752       4       com.sun.javafx.tk.quantum.QuantumToolkit$$Lambda$41/586324237::run (8 bytes)
Event: 86.521 Thread 0x0000000014ef9000 nmethod 752 0x0000000002c22510 code [0x0000000002c22660, 0x0000000002c228d8]

GC Heap History (2 events):
Event: 0.701 GC heap before
{Heap before GC invocations=1 (full 0):
 PSYoungGen      total 18432K, used 15872K [0x00000000eb580000, 0x00000000eca00000, 0x0000000100000000)
  eden space 15872K, 100% used [0x00000000eb580000,0x00000000ec500000,0x00000000ec500000)
  from space 2560K, 0% used [0x00000000ec780000,0x00000000ec780000,0x00000000eca00000)
  to   space 2560K, 0% used [0x00000000ec500000,0x00000000ec500000,0x00000000ec780000)
 ParOldGen       total 42496K, used 0K [0x00000000c2000000, 0x00000000c4980000, 0x00000000eb580000)
  object space 42496K, 0% used [0x00000000c2000000,0x00000000c2000000,0x00000000c4980000)
 Metaspace       used 9166K, capacity 9540K, committed 9856K, reserved 1058816K
  class space    used 1211K, capacity 1311K, committed 1408K, reserved 1048576K
Event: 0.705 GC heap after
Heap after GC invocations=1 (full 0):
 PSYoungGen      total 18432K, used 2528K [0x00000000eb580000, 0x00000000eca00000, 0x0000000100000000)
  eden space 15872K, 0% used [0x00000000eb580000,0x00000000eb580000,0x00000000ec500000)
  from space 2560K, 98% used [0x00000000ec500000,0x00000000ec778040,0x00000000ec780000)
  to   space 2560K, 0% used [0x00000000ec780000,0x00000000ec780000,0x00000000eca00000)
 ParOldGen       total 42496K, used 216K [0x00000000c2000000, 0x00000000c4980000, 0x00000000eb580000)
  object space 42496K, 0% used [0x00000000c2000000,0x00000000c2036000,0x00000000c4980000)
 Metaspace       used 9166K, capacity 9540K, committed 9856K, reserved 1058816K
  class space    used 1211K, capacity 1311K, committed 1408K, reserved 1048576K
}

Deoptimization events (3 events):
Event: 0.632 Thread 0x00000000170ae800 Uncommon trap: reason=unstable_if action=reinterpret pc=0x0000000002b16c64 method=java.lang.String.indexOf([CII[CIII)I @ 134
Event: 0.632 Thread 0x00000000170ae800 Uncommon trap: reason=unstable_if action=reinterpret pc=0x0000000002aef36c method=java.lang.String.replace(CC)Ljava/lang/String; @ 26
Event: 0.655 Thread 0x00000000170ae800 Uncommon trap: reason=unstable_if action=reinterpret pc=0x0000000002b88e7c method=java.util.HashMap.getNode(ILjava/lang/Object;)Ljava/util/HashMap$Node; @ 84

Internal exceptions (10 events):
Event: 0.027 Thread 0x0000000002832800 Exception <a 'java/lang/NoSuchMethodError': Method sun.misc.Unsafe.prefetchRead(Ljava/lang/Object;J)V name or signature does not match> (0x00000000eb58d7a8) thrown at [C:\re\workspace\8-2-build-windows-amd64-cygwin\jdk8u51\3951\hotspot\src\share\vm\prims\j(è´F
Event: 0.343 Thread 0x0000000002832800 Exception <a 'java/lang/NoSuchFieldError': method resolution failed> (0x00000000eb823eb8) thrown at [C:\re\workspace\8-2-build-windows-amd64-cygwin\jdk8u51\3951\hotspot\src\share\vm\prims\methodHandles.cpp, line 1125]
Event: 0.353 Thread 0x0000000002832800 Exception <a 'java/lang/NoSuchFieldError': method resolution failed> (0x00000000eb832588) thrown at [C:\re\workspace\8-2-build-windows-amd64-cygwin\jdk8u51\3951\hotspot\src\share\vm\prims\methodHandles.cpp, line 1125]
Event: 0.379 Thread 0x0000000002832800 Exception <a 'java/security/PrivilegedActionException'> (0x00000000eb8bbee0) thrown at [C:\re\workspace\8-2-build-windows-amd64-cygwin\jdk8u51\3951\hotspot\src\share\vm\prims\jvm.cpp, line 1382]
Event: 0.379 Thread 0x0000000002832800 Exception <a 'java/security/PrivilegedActionException'> (0x00000000eb8bc098) thrown at [C:\re\workspace\8-2-build-windows-amd64-cygwin\jdk8u51\3951\hotspot\src\share\vm\prims\jvm.cpp, line 1382]
Event: 0.380 Thread 0x0000000002832800 Exception <a 'java/security/PrivilegedActionException'> (0x00000000eb8bfe30) thrown at [C:\re\workspace\8-2-build-windows-amd64-cygwin\jdk8u51\3951\hotspot\src\share\vm\prims\jvm.cpp, line 1382]
Event: 0.380 Thread 0x0000000002832800 Exception <a 'java/security/PrivilegedActionException'> (0x00000000eb8bffe8) thrown at [C:\re\workspace\8-2-build-windows-amd64-cygwin\jdk8u51\3951\hotspot\src\share\vm\prims\jvm.cpp, line 1382]
Event: 0.380 Thread 0x0000000002832800 Exception <a 'java/lang/NullPointerException'> (0x00000000eb8c0568) thrown at [C:\re\workspace\8-2-build-windows-amd64-cygwin\jdk8u51\3951\hotspot\src\share\vm\interpreter\linkResolver.cpp, line 1178]
Event: 0.592 Thread 0x00000000170ae800 Exception <a 'java/lang/NullPointerException'> (0x00000000ec0bb9f8) thrown at [C:\re\workspace\8-2-build-windows-amd64-cygwin\jdk8u51\3951\hotspot\src\share\vm\interpreter\linkResolver.cpp, line 1178]
Event: 0.592 Thread 0x00000000170ae800 Exception <a 'java/lang/NullPointerException'> (0x00000000ec0bb9f8) thrown at [C:\re\workspace\8-2-build-windows-amd64-cygwin\jdk8u51\3951\hotspot\src\share\vm\prims\jvm.cpp, line 1386]

Events (10 events):
Event: 3254.563 Executing VM operation: RedefineClasses
Event: 3254.572 Executing VM operation: RedefineClasses done
Event: 3254.580 Executing VM operation: ChangeBreakpoints
Event: 3254.580 Executing VM operation: ChangeBreakpoints done
Event: 3270.172 Executing VM operation: RedefineClasses
Event: 3270.181 Executing VM operation: RedefineClasses done
Event: 3270.188 Executing VM operation: ChangeBreakpoints
Event: 3270.190 Executing VM operation: ChangeBreakpoints done
Event: 3384.526 Executing VM operation: RedefineClasses
Event: 3384.531 Executing VM operation: RedefineClasses done


Dynamic libraries:
0x00007ff6c6f30000 - 0x00007ff6c6f67000 	C:\Program Files\Java\jdk1.8.0_51\bin\javaw.exe
0x00007ffe33660000 - 0x00007ffe3380c000 	C:\Windows\SYSTEM32\ntdll.dll
0x00007ffe33520000 - 0x00007ffe3365e000 	C:\Windows\system32\KERNEL32.DLL
0x00007ffe30b60000 - 0x00007ffe30c75000 	C:\Windows\system32\KERNELBASE.dll
0x00000000705b0000 - 0x0000000070656000 	C:\Program Files\Bitdefender\Bitdefender 2015\Active Virus Control\Avc3_00331_013\avcuf64.dll
0x00007ffe2f350000 - 0x00007ffe2f3de000 	C:\Windows\system32\apphelp.dll
0x00007ffe1d880000 - 0x00007ffe1d8d3000 	C:\Windows\AppPatch\AppPatch64\AcGenral.DLL
0x00007ffe33120000 - 0x00007ffe331ca000 	C:\Windows\system32\msvcrt.dll
0x00007ffe30580000 - 0x00007ffe305ae000 	C:\Windows\SYSTEM32\SspiCli.dll
0x00007ffe32b70000 - 0x00007ffe32bc4000 	C:\Windows\system32\SHLWAPI.dll
0x00007ffe32c90000 - 0x00007ffe32e07000 	C:\Windows\system32\USER32.dll
0x00007ffe31470000 - 0x00007ffe31604000 	C:\Windows\system32\ole32.dll
0x00007ffe31610000 - 0x00007ffe32b28000 	C:\Windows\system32\SHELL32.dll
0x00007ffe2fd50000 - 0x00007ffe2fd71000 	C:\Windows\SYSTEM32\USERENV.dll
0x00007ffe310c0000 - 0x00007ffe3116a000 	C:\Windows\system32\ADVAPI32.dll
0x00007ffe2a010000 - 0x00007ffe2a02e000 	C:\Windows\SYSTEM32\MPR.dll
0x00007ffe32fb0000 - 0x00007ffe330f1000 	C:\Windows\system32\RPCRT4.dll
0x00007ffe31060000 - 0x00007ffe310b9000 	C:\Windows\SYSTEM32\sechost.dll
0x00007ffe31190000 - 0x00007ffe313a1000 	C:\Windows\SYSTEM32\combase.dll
0x00007ffe30e90000 - 0x00007ffe30fe1000 	C:\Windows\system32\GDI32.dll
0x00007ffe307b0000 - 0x00007ffe307c5000 	C:\Windows\SYSTEM32\profapi.dll
0x00007ffe2ed20000 - 0x00007ffe2edd2000 	C:\Windows\SYSTEM32\SHCORE.dll
0x00007ffe32b30000 - 0x00007ffe32b66000 	C:\Windows\system32\IMM32.DLL
0x00007ffe333c0000 - 0x00007ffe33512000 	C:\Windows\system32\MSCTF.dll
0x00007ffe2e400000 - 0x00007ffe2e67b000 	C:\Windows\WinSxS\amd64_microsoft.windows.common-controls_6595b64144ccf1df_6.0.9600.17784_none_624760d1ecb7236e\COMCTL32.dll
0x000000006e990000 - 0x000000006ea62000 	C:\Program Files\Java\jdk1.8.0_51\jre\bin\msvcr100.dll
0x000000006e100000 - 0x000000006e983000 	C:\Program Files\Java\jdk1.8.0_51\jre\bin\server\jvm.dll
0x00007ffe24d60000 - 0x00007ffe24d69000 	C:\Windows\SYSTEM32\WSOCK32.dll
0x00007ffe2bef0000 - 0x00007ffe2bf12000 	C:\Windows\SYSTEM32\WINMM.dll
0x00007ffe2bc80000 - 0x00007ffe2bc8a000 	C:\Windows\SYSTEM32\VERSION.dll
0x00007ffe33110000 - 0x00007ffe33117000 	C:\Windows\system32\PSAPI.DLL
0x00007ffe32e10000 - 0x00007ffe32e6a000 	C:\Windows\system32\WS2_32.dll
0x00007ffe2bea0000 - 0x00007ffe2beca000 	C:\Windows\SYSTEM32\WINMMBASE.dll
0x00007ffe32e70000 - 0x00007ffe32e79000 	C:\Windows\system32\NSI.dll
0x00007ffe30a60000 - 0x00007ffe30aaf000 	C:\Windows\SYSTEM32\cfgmgr32.dll
0x00007ffe2f5a0000 - 0x00007ffe2f5c8000 	C:\Windows\SYSTEM32\DEVOBJ.dll
0x000000006e0f0000 - 0x000000006e0ff000 	C:\Program Files\Java\jdk1.8.0_51\jre\bin\verify.dll
0x000000006e0c0000 - 0x000000006e0e9000 	C:\Program Files\Java\jdk1.8.0_51\jre\bin\java.dll
0x000000006e080000 - 0x000000006e0b5000 	C:\Program Files\Java\jdk1.8.0_51\jre\bin\jdwp.dll
0x000000006e070000 - 0x000000006e078000 	C:\Program Files\Java\jdk1.8.0_51\jre\bin\npt.dll
0x000000006e050000 - 0x000000006e066000 	C:\Program Files\Java\jdk1.8.0_51\jre\bin\zip.dll
0x000000006e040000 - 0x000000006e049000 	C:\Program Files\Java\jdk1.8.0_51\jre\bin\dt_socket.dll
0x00007ffe24b30000 - 0x00007ffe24b45000 	C:\Windows\system32\napinsp.dll
0x00007ffe24b10000 - 0x00007ffe24b2a000 	C:\Windows\system32\pnrpnsp.dll
0x00007ffe29e30000 - 0x00007ffe29e4b000 	C:\Windows\system32\NLAapi.dll
0x00007ffe2ffc0000 - 0x00007ffe30019000 	C:\Windows\System32\mswsock.dll
0x00007ffe2fdc0000 - 0x00007ffe2fe64000 	C:\Windows\SYSTEM32\DNSAPI.dll
0x00007ffe24af0000 - 0x00007ffe24afd000 	C:\Windows\System32\winrnr.dll
0x00007ffe29500000 - 0x00007ffe2956b000 	C:\Windows\System32\fwpuclnt.dll
0x00007ffe24a20000 - 0x00007ffe24a2a000 	C:\Windows\System32\rasadhlp.dll
0x000000006e010000 - 0x000000006e03c000 	C:\Program Files\Java\jdk1.8.0_51\jre\bin\prism_d3d.dll
0x00007ffe0eb20000 - 0x00007ffe0ed41000 	C:\Windows\system32\d3d9.dll
0x00007ffe2eb20000 - 0x00007ffe2eb41000 	C:\Windows\SYSTEM32\dwmapi.dll
0x00007ffe2f420000 - 0x00007ffe2f549000 	C:\Windows\system32\uxtheme.dll
0x00007ffe08060000 - 0x00007ffe097fc000 	C:\Windows\SYSTEM32\igdumdim64.dll
0x000000006dbf0000 - 0x000000006dc31000 	C:\Program Files\Java\jdk1.8.0_51\jre\bin\glass.dll
0x00007ffe313b0000 - 0x00007ffe31466000 	C:\Windows\system32\COMDLG32.dll
0x00007ffe32ee0000 - 0x00007ffe32fa1000 	C:\Windows\system32\OLEAUT32.dll
0x00007ffe0f1a0000 - 0x00007ffe0f1e9000 	C:\Program Files (x86)\TeamViewer\tv_x64.dll
0x00007ffe2f5f0000 - 0x00007ffe2f5fb000 	C:\Windows\SYSTEM32\kernel.appcore.dll
0x00007ffe30680000 - 0x00007ffe3068b000 	C:\Windows\SYSTEM32\CRYPTBASE.dll
0x00007ffe30610000 - 0x00007ffe30673000 	C:\Windows\SYSTEM32\bcryptPrimitives.dll
0x00007ffe1a220000 - 0x00007ffe1abe9000 	C:\Windows\SYSTEM32\igdusc64.dll
0x00007ffe24bd0000 - 0x00007ffe24d59000 	C:\Windows\SYSTEM32\dbghelp.dll

VM Arguments:
jvm_args: -agentlib:jdwp=transport=dt_socket,suspend=y,address=localhost:7928 -Dfile.encoding=Cp1252 
java_command: Main
java_class_path (initial): F:\Using soft\programming\Programmings\Java\JavaFx\bin;F:\Using soft\Downloads\Compressed\OnBarcode.BarcodeGenerator.Java\barcode.jar;F:\Using soft\Downloads\jfxtras-labs-8.0-r1.jar;F:\Using soft\Downloads\jasperreports-javaflow-6.2.0.jar;F:\Using soft\Downloads\Compressed\itextpdf-5.5.6.jar;F:\Using soft\Downloads\Compressed\ojdbc6-11.2.0.2.0.jar\ojdbc6-11.2.0.2.0.jar
Launcher Type: SUN_STANDARD

Environment Variables:
JAVA_HOME=C:\Program Files\Java\jdk1.8.0_51
PATH=C:\Program Files\Java\jdk1.8.0_51\jre\bin;C:/Program Files/Java/jre1.8.0_66/bin/server;C:/Program Files/Java/jre1.8.0_66/bin;C:/Program Files/Java/jre1.8.0_66/lib/amd64;C:\ProgramData\Oracle\Java\javapath;C:\oraclexe\app\oracle\product\11.2.0\server\bin;;C:\Program Files (x86)\Intel\iCLS Client\;C:\Program Files\Intel\iCLS Client\;C:\Windows\system32;C:\Windows;C:\Windows\System32\Wbem;C:\Windows\System32\WindowsPowerShell\v1.0\;C:\Program Files\Intel\Intel(R) Management Engine Components\DAL;C:\Program Files\Intel\Intel(R) Management Engine Components\IPT;C:\Program Files (x86)\Intel\Intel(R) Management Engine Components\DAL;C:\Program Files (x86)\Intel\Intel(R) Management Engine Components\IPT;C:\Program Files\Microsoft SQL Server\110\Tools\Binn\;C:\Program Files (x86)\Microsoft SQL Server\100\Tools\Binn\;C:\Program Files\Microsoft SQL Server\100\Tools\Binn\;C:\Program Files\Microsoft SQL Server\100\DTS\Binn\;C:\Program Files (x86)\Skype\Phone\;C:\Program Files\Java\jdk1.8.0_51\bin;C:\eclipse;
USERNAME=ROBIN
OS=Windows_NT
PROCESSOR_IDENTIFIER=Intel64 Family 6 Model 60 Stepping 3, GenuineIntel



---------------  S Y S T E M  ---------------

OS: Windows 8.1 , 64 bit Build 9600 (6.3.9600.17415)

CPU:total 4 (2 cores per cpu, 2 threads per core) family 6 model 60 stepping 3, cmov, cx8, fxsr, mmx, sse, sse2, sse3, ssse3, sse4.1, sse4.2, popcnt, avx, avx2, aes, clmul, erms, lzcnt, ht, tsc, tscinvbit, bmi1, bmi2

Memory: 4k page, physical 4062256k(577496k free), swap 14924848k(6710592k free)

vm_info: Java HotSpot(TM) 64-Bit Server VM (25.51-b03) for windows-amd64 JRE (1.8.0_51-b16), built on Jun  8 2015 18:03:07 by "java_re" with MS VC++ 10.0 (VS2010)

time: Wed Jan 06 03:48:23 2016
elapsed time: 3384 seconds (0d 0h 56m 24s)

