#
# A fatal error has been detected by the Java Runtime Environment:
#
#  EXCEPTION_ACCESS_VIOLATION (0xc0000005) at pc=0x000000006e2281d9, pid=6172, tid=7152
#
# JRE version: Java(TM) SE Runtime Environment (8.0_51-b16) (build 1.8.0_51-b16)
# Java VM: Java HotSpot(TM) 64-Bit Server VM (25.51-b03 mixed mode windows-amd64 compressed oops)
# Problematic frame:
# V  [jvm.dll+0x1281d9]
#
# Failed to write core dump. Minidumps are not enabled by default on client versions of Windows
#
# If you would like to submit a bug report, please visit:
#   http://bugreport.java.com/bugreport/crash.jsp
#

---------------  T H R E A D  ---------------

Current thread (0x0000000014ff1000):  JavaThread "JDWP Transport Listener: dt_socket" daemon [_thread_in_vm, id=7152, stack(0x0000000016830000,0x0000000016930000)]

siginfo: ExceptionCode=0xc0000005, reading address 0x000000277c0f2119

Registers:
RAX=0x000000001692f001, RBX=0x00000000ec5e60e8, RCX=0x00000000ec5e60e8, RDX=0x000000277c0f2109
RSP=0x000000001692f050, RBP=0x0000000015015330, RSI=0x000000001692f168, RDI=0x00000000029498b0
R8 =0x0000000014ff1000, R9 =0x0000000000008000, R10=0x0000000000000000, R11=0x0000000016e8a4ed
R12=0x0000000000000000, R13=0x0000000014fff838, R14=0x0000000000000000, R15=0x0000000000000000
RIP=0x000000006e2281d9, EFLAGS=0x0000000000010206

Top of Stack: (sp=0x000000001692f050)
0x000000001692f050:   0000000014ff1000 0000000014ff1000
0x000000001692f060:   000000001692f118 000000006e42c72b
0x000000001692f070:   0000000014ff1000 000000006e448f8d
0x000000001692f080:   0000000000000000 000000006e099155
0x000000001692f090:   00000000175ebed0 000000006e0a291e
0x000000001692f0a0:   0000000014ff1000 0000000000000000
0x000000001692f0b0:   0000000000000000 0000000000000000
0x000000001692f0c0:   0000000015015330 000000006e0a1a15
0x000000001692f0d0:   000000001692f168 000000001692f140
0x000000001692f0e0:   0000000000000001 00000000175ebed0
0x000000001692f0f0:   0000000015015330 000000006e0853b3
0x000000001692f100:   000000001692f230 0000000000000001
0x000000001692f110:   0000000000000001 00000000175ebed0
0x000000001692f120:   0000000000000001 0000000000000000
0x000000001692f130:   0000000000000000 0000000000000000
0x000000001692f140:   0000000000000001 000000006e085571 

Instructions: (pc=0x000000006e2281d9)
0x000000006e2281b9:   33 c0 48 83 c4 28 c3 48 89 5c 24 20 48 8b 19 48
0x000000006e2281c9:   85 db 74 20 48 83 fb 37 74 1a 48 8b 13 48 8b cb
0x000000006e2281d9:   ff 52 10 84 c0 74 0d 48 8b c3 48 8b 5c 24 20 48
0x000000006e2281e9:   83 c4 28 c3 33 c0 48 8b 5c 24 20 48 83 c4 28 c3 


Register to memory mapping:

RAX=0x000000001692f001 is pointing into the stack for thread: 0x0000000014ff1000
RBX=0x00000000ec5e60e8 is an oop
java.lang.Class 
 - klass: 'java/lang/Class'
RCX=0x00000000ec5e60e8 is an oop
java.lang.Class 
 - klass: 'java/lang/Class'
RDX=0x000000277c0f2109 is an unknown value
RSP=0x000000001692f050 is pointing into the stack for thread: 0x0000000014ff1000
RBP=0x0000000015015330 is an unknown value
RSI=0x000000001692f168 is pointing into the stack for thread: 0x0000000014ff1000
RDI=0x00000000029498b0 is an unknown value
R8 =0x0000000014ff1000 is a thread
R9 =0x0000000000008000 is an unknown value
R10=0x0000000000000000 is an unknown value
R11=0x0000000016e8a4ed is an unknown value
R12=0x0000000000000000 is an unknown value
R13=0x0000000014fff838 is an unknown value
R14=0x0000000000000000 is an unknown value
R15=0x0000000000000000 is an unknown value


Stack: [0x0000000016830000,0x0000000016930000],  sp=0x000000001692f050,  free space=1020k
Native frames: (J=compiled Java code, j=interpreted, Vv=VM code, C=native code)
V  [jvm.dll+0x1281d9]
V  [jvm.dll+0x348f8d]
C  [jdwp.dll+0x21a15]
C  [jdwp.dll+0x53b3]
C  [jdwp.dll+0x5571]
C  [jdwp.dll+0xf0a8]
C  [jdwp.dll+0x1f2d5]
C  [jdwp.dll+0x1f4aa]
V  [jvm.dll+0x1bae78]
V  [jvm.dll+0x2418a4]
V  [jvm.dll+0x29846a]
C  [msvcr100.dll+0x21d9f]
C  [msvcr100.dll+0x21e3b]
C  [KERNEL32.DLL+0x13d2]
C  [ntdll.dll+0x15444]


---------------  P R O C E S S  ---------------

Java Threads: ( => current thread )
  0x00000000175f2000 JavaThread "JavaFX-Launcher" [_thread_blocked, id=9100, stack(0x00000000199c0000,0x0000000019ac0000)]
  0x00000000175bf800 JavaThread "Thread-2" daemon [_thread_in_native, id=1768, stack(0x00000000198c0000,0x00000000199c0000)]
  0x0000000016ffc800 JavaThread "JavaFX Application Thread" [_thread_blocked, id=7600, stack(0x0000000018030000,0x0000000018130000)]
  0x0000000016ffb800 JavaThread "Thread-1" daemon [_thread_blocked, id=6692, stack(0x0000000017f30000,0x0000000018030000)]
  0x0000000016fe9800 JavaThread "QuantumRenderer-0" daemon [_thread_blocked, id=4688, stack(0x0000000017430000,0x0000000017530000)]
  0x0000000016c73000 JavaThread "Service Thread" daemon [_thread_blocked, id=9956, stack(0x0000000017230000,0x0000000017330000)]
  0x000000001504e000 JavaThread "C1 CompilerThread2" daemon [_thread_blocked, id=3388, stack(0x0000000017130000,0x0000000017230000)]
  0x000000001504d800 JavaThread "C2 CompilerThread1" daemon [_thread_blocked, id=9360, stack(0x0000000017030000,0x0000000017130000)]
  0x0000000015013800 JavaThread "C2 CompilerThread0" daemon [_thread_blocked, id=1008, stack(0x0000000016b30000,0x0000000016c30000)]
  0x0000000015007800 JavaThread "JDWP Command Reader" daemon [_thread_in_native, id=8872, stack(0x0000000016a30000,0x0000000016b30000)]
  0x0000000015002000 JavaThread "JDWP Event Helper Thread" daemon [_thread_blocked, id=9780, stack(0x0000000016930000,0x0000000016a30000)]
=>0x0000000014ff1000 JavaThread "JDWP Transport Listener: dt_socket" daemon [_thread_in_vm, id=7152, stack(0x0000000016830000,0x0000000016930000)]
  0x0000000014fec800 JavaThread "Attach Listener" daemon [_thread_blocked, id=3016, stack(0x0000000016450000,0x0000000016550000)]
  0x0000000014feb800 JavaThread "Signal Dispatcher" daemon [_thread_blocked, id=2684, stack(0x0000000016350000,0x0000000016450000)]
  0x0000000002a47000 JavaThread "Finalizer" daemon [_thread_blocked, id=9284, stack(0x0000000016250000,0x0000000016350000)]
  0x0000000002a3e000 JavaThread "Reference Handler" daemon [_thread_blocked, id=4320, stack(0x0000000016150000,0x0000000016250000)]
  0x0000000002952800 JavaThread "main" [_thread_blocked, id=10064, stack(0x0000000002800000,0x0000000002900000)]

Other Threads:
  0x0000000014fb7800 VMThread [stack: 0x0000000016050000,0x0000000016150000] [id=10160]
  0x0000000016c79000 WatcherThread [stack: 0x0000000017330000,0x0000000017430000] [id=9976]

VM state:not at safepoint (normal execution)

VM Mutex/Monitor currently owned by a thread: None

Heap:
 PSYoungGen      total 18432K, used 4773K [0x00000000eb580000, 0x00000000eca00000, 0x0000000100000000)
  eden space 15872K, 14% used [0x00000000eb580000,0x00000000eb7ad570,0x00000000ec500000)
  from space 2560K, 99% used [0x00000000ec500000,0x00000000ec77c030,0x00000000ec780000)
  to   space 2560K, 0% used [0x00000000ec780000,0x00000000ec780000,0x00000000eca00000)
 ParOldGen       total 42496K, used 200K [0x00000000c2000000, 0x00000000c4980000, 0x00000000eb580000)
  object space 42496K, 0% used [0x00000000c2000000,0x00000000c2032000,0x00000000c4980000)
 Metaspace       used 12003K, capacity 12552K, committed 12672K, reserved 1060864K
  class space    used 1404K, capacity 1548K, committed 1664K, reserved 1048576K

Card table byte_map: [0x0000000011e10000,0x0000000012010000] byte_map_base: 0x0000000011800000

Marking Bits: (ParMarkBitMap*) 0x000000006e904040
 Begin Bits: [0x0000000012560000, 0x00000000134e0000)
 End Bits:   [0x00000000134e0000, 0x0000000014460000)

Polling page: 0x0000000001000000

CodeCache: size=245760Kb used=2977Kb max_used=2989Kb free=242782Kb
 bounds [0x0000000002a50000, 0x0000000002d40000, 0x0000000011a50000]
 total_blobs=1170 nmethods=739 adapters=352
 compilation: enabled

Compilation events (10 events):
Event: 2.542 Thread 0x000000001504e000  735       1       com.sun.javafx.tk.quantum.PaintCollector::hasDirty (5 bytes)
Event: 2.542 Thread 0x000000001504e000 nmethod 735 0x0000000002d34bd0 code [0x0000000002d34d20, 0x0000000002d34e30]
Event: 4.590 Thread 0x000000001504e000  736       3       com.sun.javafx.tk.quantum.QuantumToolkit$$Lambda$41/295410514::run (8 bytes)
Event: 4.591 Thread 0x000000001504e000 nmethod 736 0x0000000002d34e90 code [0x0000000002d35040, 0x0000000002d354a8]
Event: 4.591 Thread 0x000000001504e000  737   !   3       com.sun.javafx.tk.quantum.QuantumToolkit::lambda$runToolkit$401 (16 bytes)
Event: 4.591 Thread 0x000000001504e000 nmethod 737 0x0000000002d356d0 code [0x0000000002d35860, 0x0000000002d35c48]
Event: 6.638 Thread 0x000000001504e000  738       3       com.sun.javafx.tk.quantum.QuantumToolkit::postPulse (148 bytes)
Event: 6.639 Thread 0x000000001504e000 nmethod 738 0x0000000002d35dd0 code [0x0000000002d36140, 0x0000000002d38198]
Event: 86.511 Thread 0x0000000015013800  739       4       com.sun.javafx.tk.quantum.QuantumToolkit$$Lambda$41/295410514::run (8 bytes)
Event: 86.517 Thread 0x0000000015013800 nmethod 739 0x0000000002d3bb50 code [0x0000000002d3bca0, 0x0000000002d3bf18]

GC Heap History (2 events):
Event: 0.704 GC heap before
{Heap before GC invocations=1 (full 0):
 PSYoungGen      total 18432K, used 15872K [0x00000000eb580000, 0x00000000eca00000, 0x0000000100000000)
  eden space 15872K, 100% used [0x00000000eb580000,0x00000000ec500000,0x00000000ec500000)
  from space 2560K, 0% used [0x00000000ec780000,0x00000000ec780000,0x00000000eca00000)
  to   space 2560K, 0% used [0x00000000ec500000,0x00000000ec500000,0x00000000ec780000)
 ParOldGen       total 42496K, used 0K [0x00000000c2000000, 0x00000000c4980000, 0x00000000eb580000)
  object space 42496K, 0% used [0x00000000c2000000,0x00000000c2000000,0x00000000c4980000)
 Metaspace       used 9163K, capacity 9540K, committed 9856K, reserved 1058816K
  class space    used 1209K, capacity 1311K, committed 1408K, reserved 1048576K
Event: 0.708 GC heap after
Heap after GC invocations=1 (full 0):
 PSYoungGen      total 18432K, used 2544K [0x00000000eb580000, 0x00000000eca00000, 0x0000000100000000)
  eden space 15872K, 0% used [0x00000000eb580000,0x00000000eb580000,0x00000000ec500000)
  from space 2560K, 99% used [0x00000000ec500000,0x00000000ec77c030,0x00000000ec780000)
  to   space 2560K, 0% used [0x00000000ec780000,0x00000000ec780000,0x00000000eca00000)
 ParOldGen       total 42496K, used 200K [0x00000000c2000000, 0x00000000c4980000, 0x00000000eb580000)
  object space 42496K, 0% used [0x00000000c2000000,0x00000000c2032000,0x00000000c4980000)
 Metaspace       used 9163K, capacity 9540K, committed 9856K, reserved 1058816K
  class space    used 1209K, capacity 1311K, committed 1408K, reserved 1048576K
}

Deoptimization events (4 events):
Event: 0.635 Thread 0x0000000016ffc800 Uncommon trap: reason=unstable_if action=reinterpret pc=0x0000000002c2f7e4 method=java.lang.String.indexOf([CII[CIII)I @ 134
Event: 0.635 Thread 0x0000000016ffc800 Uncommon trap: reason=unstable_if action=reinterpret pc=0x0000000002c05f6c method=java.lang.String.replace(CC)Ljava/lang/String; @ 26
Event: 0.661 Thread 0x0000000016ffc800 Uncommon trap: reason=unstable_if action=reinterpret pc=0x0000000002c9a17c method=java.util.HashMap.getNode(ILjava/lang/Object;)Ljava/util/HashMap$Node; @ 84
Event: 0.666 Thread 0x0000000016ffc800 Uncommon trap: reason=unstable_if action=reinterpret pc=0x0000000002cb1fa8 method=java.util.HashMap.getNode(ILjava/lang/Object;)Ljava/util/HashMap$Node; @ 62

Internal exceptions (10 events):
Event: 0.049 Thread 0x0000000002952800 Exception <a 'java/lang/NoSuchMethodError': Method sun.misc.Unsafe.prefetchRead(Ljava/lang/Object;J)V name or signature does not match> (0x00000000eb58dad8) thrown at [C:\re\workspace\8-2-build-windows-amd64-cygwin\jdk8u51\3951\hotspot\src\share\vm\prims\jBýÀøºÕ?
Event: 0.340 Thread 0x0000000002952800 Exception <a 'java/lang/NoSuchFieldError': method resolution failed> (0x00000000eb824278) thrown at [C:\re\workspace\8-2-build-windows-amd64-cygwin\jdk8u51\3951\hotspot\src\share\vm\prims\methodHandles.cpp, line 1125]
Event: 0.343 Thread 0x0000000002952800 Exception <a 'java/lang/NoSuchFieldError': method resolution failed> (0x00000000eb832948) thrown at [C:\re\workspace\8-2-build-windows-amd64-cygwin\jdk8u51\3951\hotspot\src\share\vm\prims\methodHandles.cpp, line 1125]
Event: 0.371 Thread 0x0000000002952800 Exception <a 'java/security/PrivilegedActionException'> (0x00000000eb8bc1a0) thrown at [C:\re\workspace\8-2-build-windows-amd64-cygwin\jdk8u51\3951\hotspot\src\share\vm\prims\jvm.cpp, line 1382]
Event: 0.371 Thread 0x0000000002952800 Exception <a 'java/security/PrivilegedActionException'> (0x00000000eb8bc358) thrown at [C:\re\workspace\8-2-build-windows-amd64-cygwin\jdk8u51\3951\hotspot\src\share\vm\prims\jvm.cpp, line 1382]
Event: 0.372 Thread 0x0000000002952800 Exception <a 'java/security/PrivilegedActionException'> (0x00000000eb8c00f0) thrown at [C:\re\workspace\8-2-build-windows-amd64-cygwin\jdk8u51\3951\hotspot\src\share\vm\prims\jvm.cpp, line 1382]
Event: 0.372 Thread 0x0000000002952800 Exception <a 'java/security/PrivilegedActionException'> (0x00000000eb8c02a8) thrown at [C:\re\workspace\8-2-build-windows-amd64-cygwin\jdk8u51\3951\hotspot\src\share\vm\prims\jvm.cpp, line 1382]
Event: 0.373 Thread 0x0000000002952800 Exception <a 'java/lang/NullPointerException'> (0x00000000eb8c0828) thrown at [C:\re\workspace\8-2-build-windows-amd64-cygwin\jdk8u51\3951\hotspot\src\share\vm\interpreter\linkResolver.cpp, line 1178]
Event: 0.582 Thread 0x0000000016ffc800 Exception <a 'java/lang/NullPointerException'> (0x00000000ec0c0060) thrown at [C:\re\workspace\8-2-build-windows-amd64-cygwin\jdk8u51\3951\hotspot\src\share\vm\interpreter\linkResolver.cpp, line 1178]
Event: 0.582 Thread 0x0000000016ffc800 Exception <a 'java/lang/NullPointerException'> (0x00000000ec0c0060) thrown at [C:\re\workspace\8-2-build-windows-amd64-cygwin\jdk8u51\3951\hotspot\src\share\vm\prims\jvm.cpp, line 1386]

Events (10 events):
Event: 2662.423 Executing VM operation: RedefineClasses
Event: 2662.428 Executing VM operation: RedefineClasses done
Event: 2662.432 Executing VM operation: ChangeBreakpoints
Event: 2662.433 Executing VM operation: ChangeBreakpoints done
Event: 2678.059 Executing VM operation: RedefineClasses
Event: 2678.067 Executing VM operation: RedefineClasses done
Event: 2678.072 Executing VM operation: ChangeBreakpoints
Event: 2678.072 Executing VM operation: ChangeBreakpoints done
Event: 2792.890 Executing VM operation: RedefineClasses
Event: 2792.894 Executing VM operation: RedefineClasses done


Dynamic libraries:
0x00007ff6c6f30000 - 0x00007ff6c6f67000 	C:\Program Files\Java\jdk1.8.0_51\bin\javaw.exe
0x00007ffe33660000 - 0x00007ffe3380c000 	C:\Windows\SYSTEM32\ntdll.dll
0x00007ffe33520000 - 0x00007ffe3365e000 	C:\Windows\system32\KERNEL32.DLL
0x00007ffe30b60000 - 0x00007ffe30c75000 	C:\Windows\system32\KERNELBASE.dll
0x00000000705b0000 - 0x0000000070656000 	C:\Program Files\Bitdefender\Bitdefender 2015\Active Virus Control\Avc3_00331_013\avcuf64.dll
0x00007ffe2f350000 - 0x00007ffe2f3de000 	C:\Windows\system32\apphelp.dll
0x00007ffe1d880000 - 0x00007ffe1d8d3000 	C:\Windows\AppPatch\AppPatch64\AcGenral.DLL
0x00007ffe33120000 - 0x00007ffe331ca000 	C:\Windows\system32\msvcrt.dll
0x00007ffe30580000 - 0x00007ffe305ae000 	C:\Windows\SYSTEM32\SspiCli.dll
0x00007ffe32b70000 - 0x00007ffe32bc4000 	C:\Windows\system32\SHLWAPI.dll
0x00007ffe32c90000 - 0x00007ffe32e07000 	C:\Windows\system32\USER32.dll
0x00007ffe31470000 - 0x00007ffe31604000 	C:\Windows\system32\ole32.dll
0x00007ffe31610000 - 0x00007ffe32b28000 	C:\Windows\system32\SHELL32.dll
0x00007ffe2fd50000 - 0x00007ffe2fd71000 	C:\Windows\SYSTEM32\USERENV.dll
0x00007ffe310c0000 - 0x00007ffe3116a000 	C:\Windows\system32\ADVAPI32.dll
0x00007ffe2a010000 - 0x00007ffe2a02e000 	C:\Windows\SYSTEM32\MPR.dll
0x00007ffe32fb0000 - 0x00007ffe330f1000 	C:\Windows\system32\RPCRT4.dll
0x00007ffe31060000 - 0x00007ffe310b9000 	C:\Windows\SYSTEM32\sechost.dll
0x00007ffe31190000 - 0x00007ffe313a1000 	C:\Windows\SYSTEM32\combase.dll
0x00007ffe30e90000 - 0x00007ffe30fe1000 	C:\Windows\system32\GDI32.dll
0x00007ffe307b0000 - 0x00007ffe307c5000 	C:\Windows\SYSTEM32\profapi.dll
0x00007ffe2ed20000 - 0x00007ffe2edd2000 	C:\Windows\SYSTEM32\SHCORE.dll
0x00007ffe32b30000 - 0x00007ffe32b66000 	C:\Windows\system32\IMM32.DLL
0x00007ffe333c0000 - 0x00007ffe33512000 	C:\Windows\system32\MSCTF.dll
0x00007ffe2e400000 - 0x00007ffe2e67b000 	C:\Windows\WinSxS\amd64_microsoft.windows.common-controls_6595b64144ccf1df_6.0.9600.17784_none_624760d1ecb7236e\COMCTL32.dll
0x000000006e990000 - 0x000000006ea62000 	C:\Program Files\Java\jdk1.8.0_51\jre\bin\msvcr100.dll
0x000000006e100000 - 0x000000006e983000 	C:\Program Files\Java\jdk1.8.0_51\jre\bin\server\jvm.dll
0x00007ffe24d60000 - 0x00007ffe24d69000 	C:\Windows\SYSTEM32\WSOCK32.dll
0x00007ffe2bef0000 - 0x00007ffe2bf12000 	C:\Windows\SYSTEM32\WINMM.dll
0x00007ffe2bc80000 - 0x00007ffe2bc8a000 	C:\Windows\SYSTEM32\VERSION.dll
0x00007ffe33110000 - 0x00007ffe33117000 	C:\Windows\system32\PSAPI.DLL
0x00007ffe32e10000 - 0x00007ffe32e6a000 	C:\Windows\system32\WS2_32.dll
0x00007ffe2bea0000 - 0x00007ffe2beca000 	C:\Windows\SYSTEM32\WINMMBASE.dll
0x00007ffe32e70000 - 0x00007ffe32e79000 	C:\Windows\system32\NSI.dll
0x00007ffe30a60000 - 0x00007ffe30aaf000 	C:\Windows\SYSTEM32\cfgmgr32.dll
0x00007ffe2f5a0000 - 0x00007ffe2f5c8000 	C:\Windows\SYSTEM32\DEVOBJ.dll
0x000000006e0f0000 - 0x000000006e0ff000 	C:\Program Files\Java\jdk1.8.0_51\jre\bin\verify.dll
0x000000006e0c0000 - 0x000000006e0e9000 	C:\Program Files\Java\jdk1.8.0_51\jre\bin\java.dll
0x000000006e080000 - 0x000000006e0b5000 	C:\Program Files\Java\jdk1.8.0_51\jre\bin\jdwp.dll
0x000000006e070000 - 0x000000006e078000 	C:\Program Files\Java\jdk1.8.0_51\jre\bin\npt.dll
0x000000006e050000 - 0x000000006e066000 	C:\Program Files\Java\jdk1.8.0_51\jre\bin\zip.dll
0x000000006e040000 - 0x000000006e049000 	C:\Program Files\Java\jdk1.8.0_51\jre\bin\dt_socket.dll
0x00007ffe24b30000 - 0x00007ffe24b45000 	C:\Windows\system32\napinsp.dll
0x00007ffe24b10000 - 0x00007ffe24b2a000 	C:\Windows\system32\pnrpnsp.dll
0x00007ffe29e30000 - 0x00007ffe29e4b000 	C:\Windows\system32\NLAapi.dll
0x00007ffe2ffc0000 - 0x00007ffe30019000 	C:\Windows\System32\mswsock.dll
0x00007ffe2fdc0000 - 0x00007ffe2fe64000 	C:\Windows\SYSTEM32\DNSAPI.dll
0x00007ffe24af0000 - 0x00007ffe24afd000 	C:\Windows\System32\winrnr.dll
0x00007ffe29500000 - 0x00007ffe2956b000 	C:\Windows\System32\fwpuclnt.dll
0x00007ffe24a20000 - 0x00007ffe24a2a000 	C:\Windows\System32\rasadhlp.dll
0x000000006e010000 - 0x000000006e03c000 	C:\Program Files\Java\jdk1.8.0_51\jre\bin\prism_d3d.dll
0x00007ffe0eb20000 - 0x00007ffe0ed41000 	C:\Windows\system32\d3d9.dll
0x00007ffe2eb20000 - 0x00007ffe2eb41000 	C:\Windows\SYSTEM32\dwmapi.dll
0x00007ffe2f420000 - 0x00007ffe2f549000 	C:\Windows\system32\uxtheme.dll
0x00007ffe08060000 - 0x00007ffe097fc000 	C:\Windows\SYSTEM32\igdumdim64.dll
0x000000006dbf0000 - 0x000000006dc31000 	C:\Program Files\Java\jdk1.8.0_51\jre\bin\glass.dll
0x00007ffe313b0000 - 0x00007ffe31466000 	C:\Windows\system32\COMDLG32.dll
0x00007ffe32ee0000 - 0x00007ffe32fa1000 	C:\Windows\system32\OLEAUT32.dll
0x00007ffe0f1a0000 - 0x00007ffe0f1e9000 	C:\Program Files (x86)\TeamViewer\tv_x64.dll
0x00007ffe2f5f0000 - 0x00007ffe2f5fb000 	C:\Windows\SYSTEM32\kernel.appcore.dll
0x00007ffe30680000 - 0x00007ffe3068b000 	C:\Windows\SYSTEM32\CRYPTBASE.dll
0x00007ffe30610000 - 0x00007ffe30673000 	C:\Windows\SYSTEM32\bcryptPrimitives.dll
0x00007ffe1a220000 - 0x00007ffe1abe9000 	C:\Windows\SYSTEM32\igdusc64.dll
0x00007ffe24bd0000 - 0x00007ffe24d59000 	C:\Windows\SYSTEM32\dbghelp.dll

VM Arguments:
jvm_args: -agentlib:jdwp=transport=dt_socket,suspend=y,address=localhost:8448 -Dfile.encoding=Cp1252 
java_command: Main
java_class_path (initial): F:\Using soft\programming\Programmings\Java\JavaFx\bin;F:\Using soft\Downloads\Compressed\OnBarcode.BarcodeGenerator.Java\barcode.jar;F:\Using soft\Downloads\jfxtras-labs-8.0-r1.jar;F:\Using soft\Downloads\jasperreports-javaflow-6.2.0.jar;F:\Using soft\Downloads\Compressed\itextpdf-5.5.6.jar;F:\Using soft\Downloads\Compressed\ojdbc6-11.2.0.2.0.jar\ojdbc6-11.2.0.2.0.jar
Launcher Type: SUN_STANDARD

Environment Variables:
JAVA_HOME=C:\Program Files\Java\jdk1.8.0_51
PATH=C:\Program Files\Java\jdk1.8.0_51\jre\bin;C:/Program Files/Java/jre1.8.0_66/bin/server;C:/Program Files/Java/jre1.8.0_66/bin;C:/Program Files/Java/jre1.8.0_66/lib/amd64;C:\ProgramData\Oracle\Java\javapath;C:\oraclexe\app\oracle\product\11.2.0\server\bin;;C:\Program Files (x86)\Intel\iCLS Client\;C:\Program Files\Intel\iCLS Client\;C:\Windows\system32;C:\Windows;C:\Windows\System32\Wbem;C:\Windows\System32\WindowsPowerShell\v1.0\;C:\Program Files\Intel\Intel(R) Management Engine Components\DAL;C:\Program Files\Intel\Intel(R) Management Engine Components\IPT;C:\Program Files (x86)\Intel\Intel(R) Management Engine Components\DAL;C:\Program Files (x86)\Intel\Intel(R) Management Engine Components\IPT;C:\Program Files\Microsoft SQL Server\110\Tools\Binn\;C:\Program Files (x86)\Microsoft SQL Server\100\Tools\Binn\;C:\Program Files\Microsoft SQL Server\100\Tools\Binn\;C:\Program Files\Microsoft SQL Server\100\DTS\Binn\;C:\Program Files (x86)\Skype\Phone\;C:\Program Files\Java\jdk1.8.0_51\bin;C:\eclipse;
USERNAME=ROBIN
OS=Windows_NT
PROCESSOR_IDENTIFIER=Intel64 Family 6 Model 60 Stepping 3, GenuineIntel



---------------  S Y S T E M  ---------------

OS: Windows 8.1 , 64 bit Build 9600 (6.3.9600.17415)

CPU:total 4 (2 cores per cpu, 2 threads per core) family 6 model 60 stepping 3, cmov, cx8, fxsr, mmx, sse, sse2, sse3, ssse3, sse4.1, sse4.2, popcnt, avx, avx2, aes, clmul, erms, lzcnt, ht, tsc, tscinvbit, bmi1, bmi2

Memory: 4k page, physical 4062256k(593588k free), swap 14924848k(7033416k free)

vm_info: Java HotSpot(TM) 64-Bit Server VM (25.51-b03) for windows-amd64 JRE (1.8.0_51-b16), built on Jun  8 2015 18:03:07 by "java_re" with MS VC++ 10.0 (VS2010)

time: Wed Jan 06 03:48:23 2016
elapsed time: 2792 seconds (0d 0h 46m 32s)

