#
# A fatal error has been detected by the Java Runtime Environment:
#
#  EXCEPTION_ACCESS_VIOLATION (0xc0000005) at pc=0x000000006e2281d9, pid=7292, tid=972
#
# JRE version: Java(TM) SE Runtime Environment (8.0_51-b16) (build 1.8.0_51-b16)
# Java VM: Java HotSpot(TM) 64-Bit Server VM (25.51-b03 mixed mode windows-amd64 compressed oops)
# Problematic frame:
# V  [jvm.dll+0x1281d9]
#
# Failed to write core dump. Minidumps are not enabled by default on client versions of Windows
#
# If you would like to submit a bug report, please visit:
#   http://bugreport.java.com/bugreport/crash.jsp
#

---------------  T H R E A D  ---------------

Current thread (0x00000000152cf800):  JavaThread "JDWP Transport Listener: dt_socket" daemon [_thread_in_vm, id=972, stack(0x0000000016b00000,0x0000000016c00000)]

siginfo: ExceptionCode=0xc0000005, reading address 0x0000007842765a19

Registers:
RAX=0x0000000016bff701, RBX=0x00000000ec575f30, RCX=0x00000000ec575f30, RDX=0x0000007842765a09
RSP=0x0000000016bff770, RBP=0x00000000179c7500, RSI=0x0000000016bff888, RDI=0x0000000002c198b0
R8 =0x00000000152cf800, R9 =0x0000000000008000, R10=0x0000000000000000, R11=0x0000000017ad0fed
R12=0x0000000000000000, R13=0x00000000152c6888, R14=0x0000000000000000, R15=0x0000000000000000
RIP=0x000000006e2281d9, EFLAGS=0x0000000000010216

Top of Stack: (sp=0x0000000016bff770)
0x0000000016bff770:   00000000152cf800 00000000152cf800
0x0000000016bff780:   0000000016bff838 000000006e42c72b
0x0000000016bff790:   00000000152cf800 000000006e448f8d
0x0000000016bff7a0:   0000000000000000 000000006e099155
0x0000000016bff7b0:   00000000178a0f10 000000006e0a291e
0x0000000016bff7c0:   00000000152cf800 0000000000000000
0x0000000016bff7d0:   0000000000000000 0000000000000000
0x0000000016bff7e0:   00000000179c7500 000000006e0a1a15
0x0000000016bff7f0:   0000000016bff888 0000000016bff860
0x0000000016bff800:   0000000000000001 00000000178a0f10
0x0000000016bff810:   00000000179c7500 000000006e0853b3
0x0000000016bff820:   0000000016bff950 0000000000000001
0x0000000016bff830:   0000000000000001 00000000178a0f10
0x0000000016bff840:   0000000000000001 0000000000000000
0x0000000016bff850:   0000000000000000 0000000000000000
0x0000000016bff860:   0000000000000001 000000006e085571 

Instructions: (pc=0x000000006e2281d9)
0x000000006e2281b9:   33 c0 48 83 c4 28 c3 48 89 5c 24 20 48 8b 19 48
0x000000006e2281c9:   85 db 74 20 48 83 fb 37 74 1a 48 8b 13 48 8b cb
0x000000006e2281d9:   ff 52 10 84 c0 74 0d 48 8b c3 48 8b 5c 24 20 48
0x000000006e2281e9:   83 c4 28 c3 33 c0 48 8b 5c 24 20 48 83 c4 28 c3 


Register to memory mapping:

RAX=0x0000000016bff701 is pointing into the stack for thread: 0x00000000152cf800
RBX=0x00000000ec575f30 is an oop
java.lang.Class 
 - klass: 'java/lang/Class'
RCX=0x00000000ec575f30 is an oop
java.lang.Class 
 - klass: 'java/lang/Class'
RDX=0x0000007842765a09 is an unknown value
RSP=0x0000000016bff770 is pointing into the stack for thread: 0x00000000152cf800
RBP=0x00000000179c7500 is an unknown value
RSI=0x0000000016bff888 is pointing into the stack for thread: 0x00000000152cf800
RDI=0x0000000002c198b0 is an unknown value
R8 =0x00000000152cf800 is a thread
R9 =0x0000000000008000 is an unknown value
R10=0x0000000000000000 is an unknown value
R11=0x0000000017ad0fed is an unknown value
R12=0x0000000000000000 is an unknown value
R13=0x00000000152c6888 is an unknown value
R14=0x0000000000000000 is an unknown value
R15=0x0000000000000000 is an unknown value


Stack: [0x0000000016b00000,0x0000000016c00000],  sp=0x0000000016bff770,  free space=1021k
Native frames: (J=compiled Java code, j=interpreted, Vv=VM code, C=native code)
V  [jvm.dll+0x1281d9]
V  [jvm.dll+0x348f8d]
C  [jdwp.dll+0x21a15]
C  [jdwp.dll+0x53b3]
C  [jdwp.dll+0x5571]
C  [jdwp.dll+0xf0a8]
C  [jdwp.dll+0x1f2d5]
C  [jdwp.dll+0x1f4aa]
V  [jvm.dll+0x1bae78]
V  [jvm.dll+0x2418a4]
V  [jvm.dll+0x29846a]
C  [msvcr100.dll+0x21d9f]
C  [msvcr100.dll+0x21e3b]
C  [KERNEL32.DLL+0x13d2]
C  [ntdll.dll+0x15444]


---------------  P R O C E S S  ---------------

Java Threads: ( => current thread )
  0x00000000178a9800 JavaThread "JavaFX-Launcher" [_thread_blocked, id=8548, stack(0x0000000019c20000,0x0000000019d20000)]
  0x00000000178c9000 JavaThread "Thread-2" daemon [_thread_in_native, id=9052, stack(0x0000000019b20000,0x0000000019c20000)]
  0x0000000017806000 JavaThread "JavaFX Application Thread" [_thread_blocked, id=4192, stack(0x0000000018280000,0x0000000018380000)]
  0x0000000017800800 JavaThread "Thread-1" daemon [_thread_blocked, id=9032, stack(0x0000000018180000,0x0000000018280000)]
  0x00000000172e2800 JavaThread "QuantumRenderer-0" daemon [_thread_blocked, id=8856, stack(0x0000000017700000,0x0000000017800000)]
  0x0000000016f43000 JavaThread "Service Thread" daemon [_thread_blocked, id=3232, stack(0x0000000017500000,0x0000000017600000)]
  0x000000001531e000 JavaThread "C1 CompilerThread2" daemon [_thread_blocked, id=2596, stack(0x0000000017400000,0x0000000017500000)]
  0x000000001531d800 JavaThread "C2 CompilerThread1" daemon [_thread_blocked, id=4668, stack(0x0000000017300000,0x0000000017400000)]
  0x00000000152e3800 JavaThread "C2 CompilerThread0" daemon [_thread_blocked, id=8456, stack(0x0000000016e00000,0x0000000016f00000)]
  0x00000000152d7800 JavaThread "JDWP Command Reader" daemon [_thread_in_native, id=10232, stack(0x0000000016d00000,0x0000000016e00000)]
  0x00000000152d2000 JavaThread "JDWP Event Helper Thread" daemon [_thread_blocked, id=8296, stack(0x0000000016c00000,0x0000000016d00000)]
=>0x00000000152cf800 JavaThread "JDWP Transport Listener: dt_socket" daemon [_thread_in_vm, id=972, stack(0x0000000016b00000,0x0000000016c00000)]
  0x00000000152bc800 JavaThread "Attach Listener" daemon [_thread_blocked, id=9804, stack(0x0000000016720000,0x0000000016820000)]
  0x00000000152bb800 JavaThread "Signal Dispatcher" daemon [_thread_blocked, id=4576, stack(0x0000000016620000,0x0000000016720000)]
  0x0000000002d17000 JavaThread "Finalizer" daemon [_thread_blocked, id=4252, stack(0x0000000016520000,0x0000000016620000)]
  0x0000000002d0e000 JavaThread "Reference Handler" daemon [_thread_blocked, id=4868, stack(0x0000000016420000,0x0000000016520000)]
  0x0000000002c22800 JavaThread "main" [_thread_blocked, id=10144, stack(0x0000000002a20000,0x0000000002b20000)]

Other Threads:
  0x0000000015287800 VMThread [stack: 0x0000000016320000,0x0000000016420000] [id=10192]
  0x0000000016f49000 WatcherThread [stack: 0x0000000017600000,0x0000000017700000] [id=9544]

VM state:not at safepoint (normal execution)

VM Mutex/Monitor currently owned by a thread: None

Heap:
 PSYoungGen      total 18432K, used 4990K [0x00000000eb580000, 0x00000000eca00000, 0x0000000100000000)
  eden space 15872K, 15% used [0x00000000eb580000,0x00000000eb7e3a98,0x00000000ec500000)
  from space 2560K, 99% used [0x00000000ec500000,0x00000000ec77c030,0x00000000ec780000)
  to   space 2560K, 0% used [0x00000000ec780000,0x00000000ec780000,0x00000000eca00000)
 ParOldGen       total 42496K, used 184K [0x00000000c2000000, 0x00000000c4980000, 0x00000000eb580000)
  object space 42496K, 0% used [0x00000000c2000000,0x00000000c202e000,0x00000000c4980000)
 Metaspace       used 12761K, capacity 13316K, committed 13440K, reserved 1060864K
  class space    used 1420K, capacity 1548K, committed 1664K, reserved 1048576K

Card table byte_map: [0x00000000120e0000,0x00000000122e0000] byte_map_base: 0x0000000011ad0000

Marking Bits: (ParMarkBitMap*) 0x000000006e904040
 Begin Bits: [0x0000000012830000, 0x00000000137b0000)
 End Bits:   [0x00000000137b0000, 0x0000000014730000)

Polling page: 0x0000000001250000

CodeCache: size=245760Kb used=2959Kb max_used=2971Kb free=242800Kb
 bounds [0x0000000002d20000, 0x0000000003010000, 0x0000000011d20000]
 total_blobs=1166 nmethods=735 adapters=352
 compilation: enabled

Compilation events (10 events):
Event: 4.505 Thread 0x000000001531e000  731       3       com.sun.javafx.tk.quantum.QuantumToolkit$$Lambda$41/1807374511::run (8 bytes)
Event: 4.506 Thread 0x000000001531e000 nmethod 731 0x0000000003000990 code [0x0000000003000b40, 0x0000000003000fa8]
Event: 4.506 Thread 0x000000001531e000  732   !   3       com.sun.javafx.tk.quantum.QuantumToolkit::lambda$runToolkit$401 (16 bytes)
Event: 4.506 Thread 0x000000001531e000 nmethod 732 0x00000000030011d0 code [0x0000000003001360, 0x0000000003001748]
Event: 6.554 Thread 0x000000001531e000  733       3       com.sun.javafx.tk.quantum.QuantumToolkit::postPulse (148 bytes)
Event: 6.558 Thread 0x000000001531e000 nmethod 733 0x00000000030018d0 code [0x0000000003001c40, 0x0000000003003c98]
Event: 86.426 Thread 0x000000001531d800  734       4       com.sun.javafx.tk.quantum.QuantumToolkit$$Lambda$41/1807374511::run (8 bytes)
Event: 86.426 Thread 0x00000000152e3800  735       4       com.sun.javafx.tk.quantum.QuantumToolkit::postPulse (148 bytes)
Event: 86.428 Thread 0x00000000152e3800 nmethod 735 0x00000000030075d0 code [0x0000000003007720, 0x0000000003007938]
Event: 86.428 Thread 0x000000001531d800 nmethod 734 0x0000000003005990 code [0x0000000003005ae0, 0x0000000003005d58]

GC Heap History (2 events):
Event: 0.609 GC heap before
{Heap before GC invocations=1 (full 0):
 PSYoungGen      total 18432K, used 15872K [0x00000000eb580000, 0x00000000eca00000, 0x0000000100000000)
  eden space 15872K, 100% used [0x00000000eb580000,0x00000000ec500000,0x00000000ec500000)
  from space 2560K, 0% used [0x00000000ec780000,0x00000000ec780000,0x00000000eca00000)
  to   space 2560K, 0% used [0x00000000ec500000,0x00000000ec500000,0x00000000ec780000)
 ParOldGen       total 42496K, used 0K [0x00000000c2000000, 0x00000000c4980000, 0x00000000eb580000)
  object space 42496K, 0% used [0x00000000c2000000,0x00000000c2000000,0x00000000c4980000)
 Metaspace       used 9160K, capacity 9536K, committed 9856K, reserved 1058816K
  class space    used 1213K, capacity 1311K, committed 1408K, reserved 1048576K
Event: 0.614 GC heap after
Heap after GC invocations=1 (full 0):
 PSYoungGen      total 18432K, used 2544K [0x00000000eb580000, 0x00000000eca00000, 0x0000000100000000)
  eden space 15872K, 0% used [0x00000000eb580000,0x00000000eb580000,0x00000000ec500000)
  from space 2560K, 99% used [0x00000000ec500000,0x00000000ec77c030,0x00000000ec780000)
  to   space 2560K, 0% used [0x00000000ec780000,0x00000000ec780000,0x00000000eca00000)
 ParOldGen       total 42496K, used 184K [0x00000000c2000000, 0x00000000c4980000, 0x00000000eb580000)
  object space 42496K, 0% used [0x00000000c2000000,0x00000000c202e000,0x00000000c4980000)
 Metaspace       used 9160K, capacity 9536K, committed 9856K, reserved 1058816K
  class space    used 1213K, capacity 1311K, committed 1408K, reserved 1048576K
}

Deoptimization events (3 events):
Event: 0.538 Thread 0x0000000017806000 Uncommon trap: reason=unstable_if action=reinterpret pc=0x0000000002f01664 method=java.lang.String.indexOf([CII[CIII)I @ 134
Event: 0.538 Thread 0x0000000017806000 Uncommon trap: reason=unstable_if action=reinterpret pc=0x0000000002ed88ec method=java.lang.String.replace(CC)Ljava/lang/String; @ 26
Event: 0.559 Thread 0x0000000017806000 Uncommon trap: reason=unstable_if action=reinterpret pc=0x0000000002f6edbc method=java.util.HashMap.getNode(ILjava/lang/Object;)Ljava/util/HashMap$Node; @ 84

Internal exceptions (10 events):
Event: 0.071 Thread 0x0000000002c22800 Exception <a 'java/lang/NoSuchMethodError': Method sun.misc.Unsafe.prefetchRead(Ljava/lang/Object;J)V name or signature does not match> (0x00000000eb58da68) thrown at [C:\re\workspace\8-2-build-windows-amd64-cygwin\jdk8u51\3951\hotspot\src\share\vm\prims\jzÿ;È‹—?
Event: 0.279 Thread 0x0000000002c22800 Exception <a 'java/lang/NoSuchFieldError': method resolution failed> (0x00000000eb823f80) thrown at [C:\re\workspace\8-2-build-windows-amd64-cygwin\jdk8u51\3951\hotspot\src\share\vm\prims\methodHandles.cpp, line 1125]
Event: 0.284 Thread 0x0000000002c22800 Exception <a 'java/lang/NoSuchFieldError': method resolution failed> (0x00000000eb832650) thrown at [C:\re\workspace\8-2-build-windows-amd64-cygwin\jdk8u51\3951\hotspot\src\share\vm\prims\methodHandles.cpp, line 1125]
Event: 0.302 Thread 0x0000000002c22800 Exception <a 'java/security/PrivilegedActionException'> (0x00000000eb8bc1b8) thrown at [C:\re\workspace\8-2-build-windows-amd64-cygwin\jdk8u51\3951\hotspot\src\share\vm\prims\jvm.cpp, line 1382]
Event: 0.302 Thread 0x0000000002c22800 Exception <a 'java/security/PrivilegedActionException'> (0x00000000eb8bc370) thrown at [C:\re\workspace\8-2-build-windows-amd64-cygwin\jdk8u51\3951\hotspot\src\share\vm\prims\jvm.cpp, line 1382]
Event: 0.303 Thread 0x0000000002c22800 Exception <a 'java/security/PrivilegedActionException'> (0x00000000eb8c0108) thrown at [C:\re\workspace\8-2-build-windows-amd64-cygwin\jdk8u51\3951\hotspot\src\share\vm\prims\jvm.cpp, line 1382]
Event: 0.303 Thread 0x0000000002c22800 Exception <a 'java/security/PrivilegedActionException'> (0x00000000eb8c02c0) thrown at [C:\re\workspace\8-2-build-windows-amd64-cygwin\jdk8u51\3951\hotspot\src\share\vm\prims\jvm.cpp, line 1382]
Event: 0.303 Thread 0x0000000002c22800 Exception <a 'java/lang/NullPointerException'> (0x00000000eb8c0840) thrown at [C:\re\workspace\8-2-build-windows-amd64-cygwin\jdk8u51\3951\hotspot\src\share\vm\interpreter\linkResolver.cpp, line 1178]
Event: 0.504 Thread 0x0000000017806000 Exception <a 'java/lang/NullPointerException'> (0x00000000ec0c12d0) thrown at [C:\re\workspace\8-2-build-windows-amd64-cygwin\jdk8u51\3951\hotspot\src\share\vm\interpreter\linkResolver.cpp, line 1178]
Event: 0.504 Thread 0x0000000017806000 Exception <a 'java/lang/NullPointerException'> (0x00000000ec0c12d0) thrown at [C:\re\workspace\8-2-build-windows-amd64-cygwin\jdk8u51\3951\hotspot\src\share\vm\prims\jvm.cpp, line 1386]

Events (10 events):
Event: 3174.000 Executing VM operation: RedefineClasses
Event: 3174.009 Executing VM operation: RedefineClasses done
Event: 3174.015 Executing VM operation: ChangeBreakpoints
Event: 3174.015 Executing VM operation: ChangeBreakpoints done
Event: 3189.618 Executing VM operation: RedefineClasses
Event: 3189.624 Executing VM operation: RedefineClasses done
Event: 3189.630 Executing VM operation: ChangeBreakpoints
Event: 3189.630 Executing VM operation: ChangeBreakpoints done
Event: 3304.289 Executing VM operation: RedefineClasses
Event: 3304.297 Executing VM operation: RedefineClasses done


Dynamic libraries:
0x00007ff6c6f30000 - 0x00007ff6c6f67000 	C:\Program Files\Java\jdk1.8.0_51\bin\javaw.exe
0x00007ffe33660000 - 0x00007ffe3380c000 	C:\Windows\SYSTEM32\ntdll.dll
0x00007ffe33520000 - 0x00007ffe3365e000 	C:\Windows\system32\KERNEL32.DLL
0x00007ffe30b60000 - 0x00007ffe30c75000 	C:\Windows\system32\KERNELBASE.dll
0x00000000705b0000 - 0x0000000070656000 	C:\Program Files\Bitdefender\Bitdefender 2015\Active Virus Control\Avc3_00331_013\avcuf64.dll
0x00007ffe2f350000 - 0x00007ffe2f3de000 	C:\Windows\system32\apphelp.dll
0x00007ffe1d880000 - 0x00007ffe1d8d3000 	C:\Windows\AppPatch\AppPatch64\AcGenral.DLL
0x00007ffe33120000 - 0x00007ffe331ca000 	C:\Windows\system32\msvcrt.dll
0x00007ffe30580000 - 0x00007ffe305ae000 	C:\Windows\SYSTEM32\SspiCli.dll
0x00007ffe32b70000 - 0x00007ffe32bc4000 	C:\Windows\system32\SHLWAPI.dll
0x00007ffe32c90000 - 0x00007ffe32e07000 	C:\Windows\system32\USER32.dll
0x00007ffe31470000 - 0x00007ffe31604000 	C:\Windows\system32\ole32.dll
0x00007ffe31610000 - 0x00007ffe32b28000 	C:\Windows\system32\SHELL32.dll
0x00007ffe2fd50000 - 0x00007ffe2fd71000 	C:\Windows\SYSTEM32\USERENV.dll
0x00007ffe310c0000 - 0x00007ffe3116a000 	C:\Windows\system32\ADVAPI32.dll
0x00007ffe2a010000 - 0x00007ffe2a02e000 	C:\Windows\SYSTEM32\MPR.dll
0x00007ffe32fb0000 - 0x00007ffe330f1000 	C:\Windows\system32\RPCRT4.dll
0x00007ffe31060000 - 0x00007ffe310b9000 	C:\Windows\SYSTEM32\sechost.dll
0x00007ffe31190000 - 0x00007ffe313a1000 	C:\Windows\SYSTEM32\combase.dll
0x00007ffe30e90000 - 0x00007ffe30fe1000 	C:\Windows\system32\GDI32.dll
0x00007ffe307b0000 - 0x00007ffe307c5000 	C:\Windows\SYSTEM32\profapi.dll
0x00007ffe2ed20000 - 0x00007ffe2edd2000 	C:\Windows\SYSTEM32\SHCORE.dll
0x00007ffe32b30000 - 0x00007ffe32b66000 	C:\Windows\system32\IMM32.DLL
0x00007ffe333c0000 - 0x00007ffe33512000 	C:\Windows\system32\MSCTF.dll
0x00007ffe2e400000 - 0x00007ffe2e67b000 	C:\Windows\WinSxS\amd64_microsoft.windows.common-controls_6595b64144ccf1df_6.0.9600.17784_none_624760d1ecb7236e\COMCTL32.dll
0x000000006e990000 - 0x000000006ea62000 	C:\Program Files\Java\jdk1.8.0_51\jre\bin\msvcr100.dll
0x000000006e100000 - 0x000000006e983000 	C:\Program Files\Java\jdk1.8.0_51\jre\bin\server\jvm.dll
0x00007ffe24d60000 - 0x00007ffe24d69000 	C:\Windows\SYSTEM32\WSOCK32.dll
0x00007ffe2bef0000 - 0x00007ffe2bf12000 	C:\Windows\SYSTEM32\WINMM.dll
0x00007ffe2bc80000 - 0x00007ffe2bc8a000 	C:\Windows\SYSTEM32\VERSION.dll
0x00007ffe33110000 - 0x00007ffe33117000 	C:\Windows\system32\PSAPI.DLL
0x00007ffe32e10000 - 0x00007ffe32e6a000 	C:\Windows\system32\WS2_32.dll
0x00007ffe2bea0000 - 0x00007ffe2beca000 	C:\Windows\SYSTEM32\WINMMBASE.dll
0x00007ffe32e70000 - 0x00007ffe32e79000 	C:\Windows\system32\NSI.dll
0x00007ffe30a60000 - 0x00007ffe30aaf000 	C:\Windows\SYSTEM32\cfgmgr32.dll
0x00007ffe2f5a0000 - 0x00007ffe2f5c8000 	C:\Windows\SYSTEM32\DEVOBJ.dll
0x000000006e0f0000 - 0x000000006e0ff000 	C:\Program Files\Java\jdk1.8.0_51\jre\bin\verify.dll
0x000000006e0c0000 - 0x000000006e0e9000 	C:\Program Files\Java\jdk1.8.0_51\jre\bin\java.dll
0x000000006e080000 - 0x000000006e0b5000 	C:\Program Files\Java\jdk1.8.0_51\jre\bin\jdwp.dll
0x000000006e070000 - 0x000000006e078000 	C:\Program Files\Java\jdk1.8.0_51\jre\bin\npt.dll
0x000000006e050000 - 0x000000006e066000 	C:\Program Files\Java\jdk1.8.0_51\jre\bin\zip.dll
0x000000006e040000 - 0x000000006e049000 	C:\Program Files\Java\jdk1.8.0_51\jre\bin\dt_socket.dll
0x00007ffe24b30000 - 0x00007ffe24b45000 	C:\Windows\system32\napinsp.dll
0x00007ffe24b10000 - 0x00007ffe24b2a000 	C:\Windows\system32\pnrpnsp.dll
0x00007ffe29e30000 - 0x00007ffe29e4b000 	C:\Windows\system32\NLAapi.dll
0x00007ffe2ffc0000 - 0x00007ffe30019000 	C:\Windows\System32\mswsock.dll
0x00007ffe2fdc0000 - 0x00007ffe2fe64000 	C:\Windows\SYSTEM32\DNSAPI.dll
0x00007ffe24af0000 - 0x00007ffe24afd000 	C:\Windows\System32\winrnr.dll
0x00007ffe29500000 - 0x00007ffe2956b000 	C:\Windows\System32\fwpuclnt.dll
0x00007ffe24a20000 - 0x00007ffe24a2a000 	C:\Windows\System32\rasadhlp.dll
0x000000006e010000 - 0x000000006e03c000 	C:\Program Files\Java\jdk1.8.0_51\jre\bin\prism_d3d.dll
0x00007ffe0eb20000 - 0x00007ffe0ed41000 	C:\Windows\system32\d3d9.dll
0x00007ffe2eb20000 - 0x00007ffe2eb41000 	C:\Windows\SYSTEM32\dwmapi.dll
0x00007ffe2f420000 - 0x00007ffe2f549000 	C:\Windows\system32\uxtheme.dll
0x00007ffe08060000 - 0x00007ffe097fc000 	C:\Windows\SYSTEM32\igdumdim64.dll
0x000000006dbf0000 - 0x000000006dc31000 	C:\Program Files\Java\jdk1.8.0_51\jre\bin\glass.dll
0x00007ffe313b0000 - 0x00007ffe31466000 	C:\Windows\system32\COMDLG32.dll
0x00007ffe32ee0000 - 0x00007ffe32fa1000 	C:\Windows\system32\OLEAUT32.dll
0x00007ffe0f1a0000 - 0x00007ffe0f1e9000 	C:\Program Files (x86)\TeamViewer\tv_x64.dll
0x00007ffe2f5f0000 - 0x00007ffe2f5fb000 	C:\Windows\SYSTEM32\kernel.appcore.dll
0x00007ffe30680000 - 0x00007ffe3068b000 	C:\Windows\SYSTEM32\CRYPTBASE.dll
0x00007ffe30610000 - 0x00007ffe30673000 	C:\Windows\SYSTEM32\bcryptPrimitives.dll
0x00007ffe1a220000 - 0x00007ffe1abe9000 	C:\Windows\SYSTEM32\igdusc64.dll
0x00007ffe24bd0000 - 0x00007ffe24d59000 	C:\Windows\SYSTEM32\dbghelp.dll

VM Arguments:
jvm_args: -agentlib:jdwp=transport=dt_socket,suspend=y,address=localhost:7975 -Dfile.encoding=Cp1252 
java_command: Main
java_class_path (initial): F:\Using soft\programming\Programmings\Java\JavaFx\bin;F:\Using soft\Downloads\Compressed\OnBarcode.BarcodeGenerator.Java\barcode.jar;F:\Using soft\Downloads\jfxtras-labs-8.0-r1.jar;F:\Using soft\Downloads\jasperreports-javaflow-6.2.0.jar;F:\Using soft\Downloads\Compressed\itextpdf-5.5.6.jar;F:\Using soft\Downloads\Compressed\ojdbc6-11.2.0.2.0.jar\ojdbc6-11.2.0.2.0.jar
Launcher Type: SUN_STANDARD

Environment Variables:
JAVA_HOME=C:\Program Files\Java\jdk1.8.0_51
PATH=C:\Program Files\Java\jdk1.8.0_51\jre\bin;C:/Program Files/Java/jre1.8.0_66/bin/server;C:/Program Files/Java/jre1.8.0_66/bin;C:/Program Files/Java/jre1.8.0_66/lib/amd64;C:\ProgramData\Oracle\Java\javapath;C:\oraclexe\app\oracle\product\11.2.0\server\bin;;C:\Program Files (x86)\Intel\iCLS Client\;C:\Program Files\Intel\iCLS Client\;C:\Windows\system32;C:\Windows;C:\Windows\System32\Wbem;C:\Windows\System32\WindowsPowerShell\v1.0\;C:\Program Files\Intel\Intel(R) Management Engine Components\DAL;C:\Program Files\Intel\Intel(R) Management Engine Components\IPT;C:\Program Files (x86)\Intel\Intel(R) Management Engine Components\DAL;C:\Program Files (x86)\Intel\Intel(R) Management Engine Components\IPT;C:\Program Files\Microsoft SQL Server\110\Tools\Binn\;C:\Program Files (x86)\Microsoft SQL Server\100\Tools\Binn\;C:\Program Files\Microsoft SQL Server\100\Tools\Binn\;C:\Program Files\Microsoft SQL Server\100\DTS\Binn\;C:\Program Files (x86)\Skype\Phone\;C:\Program Files\Java\jdk1.8.0_51\bin;C:\eclipse;
USERNAME=ROBIN
OS=Windows_NT
PROCESSOR_IDENTIFIER=Intel64 Family 6 Model 60 Stepping 3, GenuineIntel



---------------  S Y S T E M  ---------------

OS: Windows 8.1 , 64 bit Build 9600 (6.3.9600.17415)

CPU:total 4 (2 cores per cpu, 2 threads per core) family 6 model 60 stepping 3, cmov, cx8, fxsr, mmx, sse, sse2, sse3, ssse3, sse4.1, sse4.2, popcnt, avx, avx2, aes, clmul, erms, lzcnt, ht, tsc, tscinvbit, bmi1, bmi2

Memory: 4k page, physical 4062256k(588196k free), swap 14924848k(6880008k free)

vm_info: Java HotSpot(TM) 64-Bit Server VM (25.51-b03) for windows-amd64 JRE (1.8.0_51-b16), built on Jun  8 2015 18:03:07 by "java_re" with MS VC++ 10.0 (VS2010)

time: Wed Jan 06 03:48:23 2016
elapsed time: 3304 seconds (0d 0h 55m 4s)

